<?xml version="1.0" encoding="UTF-8"?>
<?xml-stylesheet type="text/xsl" href="junit.xsl"?>
<testsuites>
  <meta_test_info page_active="no-links" link_url=""/>
  <testsuite name="tests" tests="1" errors="1" failures="0" skipped="0" pending="0" total="1" time="0.010500">
    <properties>
[...]
</properties>
    <testcase classname="acceptance" name="is_integer_spec.rb" time="0.009700">
      <failure type="error" message="cannot load such file -- spec_helper_acceptance"><![CDATA[/Users/eric.putnam/.rbenv/versions/2.3.1/lib/ruby/2.3.0/rubygems/core_ext/kernel_require.rb:55:in `require'\n/Users/eric.putnam/.rbenv/versions/2.3.1/lib/ruby/2.3.0/rubygems/core_ext/kernel_require.rb:55:in `require'\nacceptance/is_integer_spec.rb:2:in `block in run_test'\n/Users/eric.putnam/.rbenv/versions/2.3.1/lib/ruby/gems/2.3.0/gems/beaker-2.51.0/lib/beaker/test_case.rb:133:in `eval'\n/Users/eric.putnam/.rbenv/versions/2.3.1/lib/ruby/gems/2.3.0/gems/beaker-2.51.0/lib/beaker/test_case.rb:133:in `block in run_test'\n/Users/eric.putnam/.rbenv/versions/2.3.1/lib/ruby/2.3.0/benchmark.rb:308:in `realtime'\n/Users/eric.putnam/.rbenv/versions/2.3.1/lib/ruby/gems/2.3.0/gems/beaker-2.51.0/lib/beaker/test_case.rb:130:in `run_test'\n/Users/eric.putnam/.rbenv/versions/2.3.1/lib/ruby/gems/2.3.0/gems/beaker-2.51.0/lib/beaker/test_suite.rb:325:in `block in run'\n/Users/eric.putnam/.rbenv/versions/2.3.1/lib/ruby/gems/2.3.0/gems/beaker-2.51.0/lib/beaker/test_suite.rb:322:in `each'\n/Users/eric.putnam/.rbenv/versions/2.3.1/lib/ruby/gems/2.3.0/gems/beaker-2.51.0/lib/beaker/test_suite.rb:322:in `run'\n/Users/eric.putnam/.rbenv/versions/2.3.1/lib/ruby/gems/2.3.0/gems/beaker-2.51.0/lib/beaker/test_suite.rb:371:in `run_and_raise_on_failure'\n/Users/eric.putnam/.rbenv/versions/2.3.1/lib/ruby/gems/2.3.0/gems/beaker-2.51.0/lib/beaker/cli.rb:174:in `run_suite'\n/Users/eric.putnam/.rbenv/versions/2.3.1/lib/ruby/gems/2.3.0/gems/beaker-2.51.0/lib/beaker/cli.rb:100:in `execute!'\n/Users/eric.putnam/.rbenv/versions/2.3.1/lib/ruby/gems/2.3.0/gems/beaker-2.51.0/bin/beaker:6:in `<top (required)>'\n/Users/eric.putnam/.rbenv/versions/2.3.1/bin/beaker:23:in `load'\n/Users/eric.putnam/.rbenv/versions/2.3.1/bin/beaker:23:in `<main>']]></failure>
      <system-out><![CDATA[LoadError: cannot load such file -- spec_helper_acceptance
/Users/eric.putnam/code/puppetlabs-stdlib/spec/acceptance/is_integer_spec.rb:2
/Users/eric.putnam/.rbenv/versions/2.3.1/lib/ruby/gems/2.3.0/gems/beaker-2.51.0/bin/beaker:6
Begin teardown
End teardown
]]></system-out>
    </testcase>
  </testsuite>
</testsuites>
