<?xml version="1.0" encoding="UTF-8"?>
<?xml-stylesheet type="text/xsl" href="junit.xsl"?>
<testsuites>
  <meta_test_info page_active="no-links" link_url=""/>
  <testsuite name="tests" tests="107" errors="107" failures="0" skipped="0" pending="0" total="107" time="0.474796">
    <properties>
[...]
</properties>
    <testcase classname="acceptance" name="abs_spec.rb" time="0.013965">
      <failure type="error" message="cannot load such file -- spec_helper_acceptance"><![CDATA[/Users/eric.putnam/.rbenv/versions/2.3.1/lib/ruby/2.3.0/rubygems/core_ext/kernel_require.rb:55:in `require'\n/Users/eric.putnam/.rbenv/versions/2.3.1/lib/ruby/2.3.0/rubygems/core_ext/kernel_require.rb:55:in `require'\nacceptance/abs_spec.rb:2:in `block in run_test'\n/Users/eric.putnam/.rbenv/versions/2.3.1/lib/ruby/gems/2.3.0/gems/beaker-2.51.0/lib/beaker/test_case.rb:133:in `eval'\n/Users/eric.putnam/.rbenv/versions/2.3.1/lib/ruby/gems/2.3.0/gems/beaker-2.51.0/lib/beaker/test_case.rb:133:in `block in run_test'\n/Users/eric.putnam/.rbenv/versions/2.3.1/lib/ruby/2.3.0/benchmark.rb:308:in `realtime'\n/Users/eric.putnam/.rbenv/versions/2.3.1/lib/ruby/gems/2.3.0/gems/beaker-2.51.0/lib/beaker/test_case.rb:130:in `run_test'\n/Users/eric.putnam/.rbenv/versions/2.3.1/lib/ruby/gems/2.3.0/gems/beaker-2.51.0/lib/beaker/test_suite.rb:325:in `block in run'\n/Users/eric.putnam/.rbenv/versions/2.3.1/lib/ruby/gems/2.3.0/gems/beaker-2.51.0/lib/beaker/test_suite.rb:322:in `each'\n/Users/eric.putnam/.rbenv/versions/2.3.1/lib/ruby/gems/2.3.0/gems/beaker-2.51.0/lib/beaker/test_suite.rb:322:in `run'\n/Users/eric.putnam/.rbenv/versions/2.3.1/lib/ruby/gems/2.3.0/gems/beaker-2.51.0/lib/beaker/test_suite.rb:371:in `run_and_raise_on_failure'\n/Users/eric.putnam/.rbenv/versions/2.3.1/lib/ruby/gems/2.3.0/gems/beaker-2.51.0/lib/beaker/cli.rb:174:in `run_suite'\n/Users/eric.putnam/.rbenv/versions/2.3.1/lib/ruby/gems/2.3.0/gems/beaker-2.51.0/lib/beaker/cli.rb:100:in `execute!'\n/Users/eric.putnam/.rbenv/versions/2.3.1/lib/ruby/gems/2.3.0/gems/beaker-2.51.0/bin/beaker:6:in `<top (required)>'\n/Users/eric.putnam/.rbenv/versions/2.3.1/bin/beaker:23:in `load'\n/Users/eric.putnam/.rbenv/versions/2.3.1/bin/beaker:23:in `<main>']]></failure>
      <system-out><![CDATA[LoadError: cannot load such file -- spec_helper_acceptance
/Users/eric.putnam/.rbenv/versions/2.3.1/lib/ruby/2.3.0/rubygems/core_ext/kernel_require.rb:55
/Users/eric.putnam/.rbenv/versions/2.3.1/lib/ruby/2.3.0/rubygems/core_ext/kernel_require.rb:55
/Users/eric.putnam/code/puppetlabs-stdlib/spec/acceptance/abs_spec.rb:2
/Users/eric.putnam/.rbenv/versions/2.3.1/lib/ruby/gems/2.3.0/gems/beaker-2.51.0/lib/beaker/test_case.rb:133
/Users/eric.putnam/.rbenv/versions/2.3.1/lib/ruby/gems/2.3.0/gems/beaker-2.51.0/lib/beaker/test_case.rb:133
/Users/eric.putnam/.rbenv/versions/2.3.1/lib/ruby/2.3.0/benchmark.rb:308
/Users/eric.putnam/.rbenv/versions/2.3.1/lib/ruby/gems/2.3.0/gems/beaker-2.51.0/lib/beaker/test_case.rb:130
/Users/eric.putnam/.rbenv/versions/2.3.1/lib/ruby/gems/2.3.0/gems/beaker-2.51.0/lib/beaker/test_suite.rb:325
/Users/eric.putnam/.rbenv/versions/2.3.1/lib/ruby/gems/2.3.0/gems/beaker-2.51.0/lib/beaker/test_suite.rb:322
/Users/eric.putnam/.rbenv/versions/2.3.1/lib/ruby/gems/2.3.0/gems/beaker-2.51.0/lib/beaker/test_suite.rb:322
/Users/eric.putnam/.rbenv/versions/2.3.1/lib/ruby/gems/2.3.0/gems/beaker-2.51.0/lib/beaker/test_suite.rb:371
/Users/eric.putnam/.rbenv/versions/2.3.1/lib/ruby/gems/2.3.0/gems/beaker-2.51.0/lib/beaker/cli.rb:174
/Users/eric.putnam/.rbenv/versions/2.3.1/lib/ruby/gems/2.3.0/gems/beaker-2.51.0/lib/beaker/cli.rb:100
/Users/eric.putnam/.rbenv/versions/2.3.1/lib/ruby/gems/2.3.0/gems/beaker-2.51.0/bin/beaker:6
/Users/eric.putnam/.rbenv/versions/2.3.1/bin/beaker:23
/Users/eric.putnam/.rbenv/versions/2.3.1/bin/beaker:23
Begin teardown
End teardown
]]></system-out>
    </testcase>
    <testcase classname="acceptance" name="anchor_spec.rb" time="0.003440">
      <failure type="error" message="cannot load such file -- spec_helper_acceptance"><![CDATA[/Users/eric.putnam/.rbenv/versions/2.3.1/lib/ruby/2.3.0/rubygems/core_ext/kernel_require.rb:55:in `require'\n/Users/eric.putnam/.rbenv/versions/2.3.1/lib/ruby/2.3.0/rubygems/core_ext/kernel_require.rb:55:in `require'\nacceptance/anchor_spec.rb:1:in `block in run_test'\n/Users/eric.putnam/.rbenv/versions/2.3.1/lib/ruby/gems/2.3.0/gems/beaker-2.51.0/lib/beaker/test_case.rb:133:in `eval'\n/Users/eric.putnam/.rbenv/versions/2.3.1/lib/ruby/gems/2.3.0/gems/beaker-2.51.0/lib/beaker/test_case.rb:133:in `block in run_test'\n/Users/eric.putnam/.rbenv/versions/2.3.1/lib/ruby/2.3.0/benchmark.rb:308:in `realtime'\n/Users/eric.putnam/.rbenv/versions/2.3.1/lib/ruby/gems/2.3.0/gems/beaker-2.51.0/lib/beaker/test_case.rb:130:in `run_test'\n/Users/eric.putnam/.rbenv/versions/2.3.1/lib/ruby/gems/2.3.0/gems/beaker-2.51.0/lib/beaker/test_suite.rb:325:in `block in run'\n/Users/eric.putnam/.rbenv/versions/2.3.1/lib/ruby/gems/2.3.0/gems/beaker-2.51.0/lib/beaker/test_suite.rb:322:in `each'\n/Users/eric.putnam/.rbenv/versions/2.3.1/lib/ruby/gems/2.3.0/gems/beaker-2.51.0/lib/beaker/test_suite.rb:322:in `run'\n/Users/eric.putnam/.rbenv/versions/2.3.1/lib/ruby/gems/2.3.0/gems/beaker-2.51.0/lib/beaker/test_suite.rb:371:in `run_and_raise_on_failure'\n/Users/eric.putnam/.rbenv/versions/2.3.1/lib/ruby/gems/2.3.0/gems/beaker-2.51.0/lib/beaker/cli.rb:174:in `run_suite'\n/Users/eric.putnam/.rbenv/versions/2.3.1/lib/ruby/gems/2.3.0/gems/beaker-2.51.0/lib/beaker/cli.rb:100:in `execute!'\n/Users/eric.putnam/.rbenv/versions/2.3.1/lib/ruby/gems/2.3.0/gems/beaker-2.51.0/bin/beaker:6:in `<top (required)>'\n/Users/eric.putnam/.rbenv/versions/2.3.1/bin/beaker:23:in `load'\n/Users/eric.putnam/.rbenv/versions/2.3.1/bin/beaker:23:in `<main>']]></failure>
      <system-out><![CDATA[LoadError: cannot load such file -- spec_helper_acceptance
/Users/eric.putnam/.rbenv/versions/2.3.1/lib/ruby/2.3.0/rubygems/core_ext/kernel_require.rb:55
/Users/eric.putnam/.rbenv/versions/2.3.1/lib/ruby/2.3.0/rubygems/core_ext/kernel_require.rb:55
/Users/eric.putnam/code/puppetlabs-stdlib/spec/acceptance/anchor_spec.rb:1
/Users/eric.putnam/.rbenv/versions/2.3.1/lib/ruby/gems/2.3.0/gems/beaker-2.51.0/lib/beaker/test_case.rb:133
/Users/eric.putnam/.rbenv/versions/2.3.1/lib/ruby/gems/2.3.0/gems/beaker-2.51.0/lib/beaker/test_case.rb:133
/Users/eric.putnam/.rbenv/versions/2.3.1/lib/ruby/2.3.0/benchmark.rb:308
/Users/eric.putnam/.rbenv/versions/2.3.1/lib/ruby/gems/2.3.0/gems/beaker-2.51.0/lib/beaker/test_case.rb:130
/Users/eric.putnam/.rbenv/versions/2.3.1/lib/ruby/gems/2.3.0/gems/beaker-2.51.0/lib/beaker/test_suite.rb:325
/Users/eric.putnam/.rbenv/versions/2.3.1/lib/ruby/gems/2.3.0/gems/beaker-2.51.0/lib/beaker/test_suite.rb:322
/Users/eric.putnam/.rbenv/versions/2.3.1/lib/ruby/gems/2.3.0/gems/beaker-2.51.0/lib/beaker/test_suite.rb:322
/Users/eric.putnam/.rbenv/versions/2.3.1/lib/ruby/gems/2.3.0/gems/beaker-2.51.0/lib/beaker/test_suite.rb:371
/Users/eric.putnam/.rbenv/versions/2.3.1/lib/ruby/gems/2.3.0/gems/beaker-2.51.0/lib/beaker/cli.rb:174
/Users/eric.putnam/.rbenv/versions/2.3.1/lib/ruby/gems/2.3.0/gems/beaker-2.51.0/lib/beaker/cli.rb:100
/Users/eric.putnam/.rbenv/versions/2.3.1/lib/ruby/gems/2.3.0/gems/beaker-2.51.0/bin/beaker:6
/Users/eric.putnam/.rbenv/versions/2.3.1/bin/beaker:23
/Users/eric.putnam/.rbenv/versions/2.3.1/bin/beaker:23
Begin teardown
End teardown
]]></system-out>
    </testcase>
    <testcase classname="acceptance" name="any2array_spec.rb" time="0.004919">
      <failure type="error" message="cannot load such file -- spec_helper_acceptance"><![CDATA[/Users/eric.putnam/.rbenv/versions/2.3.1/lib/ruby/2.3.0/rubygems/core_ext/kernel_require.rb:55:in `require'\n/Users/eric.putnam/.rbenv/versions/2.3.1/lib/ruby/2.3.0/rubygems/core_ext/kernel_require.rb:55:in `require'\nacceptance/any2array_spec.rb:2:in `block in run_test'\n/Users/eric.putnam/.rbenv/versions/2.3.1/lib/ruby/gems/2.3.0/gems/beaker-2.51.0/lib/beaker/test_case.rb:133:in `eval'\n/Users/eric.putnam/.rbenv/versions/2.3.1/lib/ruby/gems/2.3.0/gems/beaker-2.51.0/lib/beaker/test_case.rb:133:in `block in run_test'\n/Users/eric.putnam/.rbenv/versions/2.3.1/lib/ruby/2.3.0/benchmark.rb:308:in `realtime'\n/Users/eric.putnam/.rbenv/versions/2.3.1/lib/ruby/gems/2.3.0/gems/beaker-2.51.0/lib/beaker/test_case.rb:130:in `run_test'\n/Users/eric.putnam/.rbenv/versions/2.3.1/lib/ruby/gems/2.3.0/gems/beaker-2.51.0/lib/beaker/test_suite.rb:325:in `block in run'\n/Users/eric.putnam/.rbenv/versions/2.3.1/lib/ruby/gems/2.3.0/gems/beaker-2.51.0/lib/beaker/test_suite.rb:322:in `each'\n/Users/eric.putnam/.rbenv/versions/2.3.1/lib/ruby/gems/2.3.0/gems/beaker-2.51.0/lib/beaker/test_suite.rb:322:in `run'\n/Users/eric.putnam/.rbenv/versions/2.3.1/lib/ruby/gems/2.3.0/gems/beaker-2.51.0/lib/beaker/test_suite.rb:371:in `run_and_raise_on_failure'\n/Users/eric.putnam/.rbenv/versions/2.3.1/lib/ruby/gems/2.3.0/gems/beaker-2.51.0/lib/beaker/cli.rb:174:in `run_suite'\n/Users/eric.putnam/.rbenv/versions/2.3.1/lib/ruby/gems/2.3.0/gems/beaker-2.51.0/lib/beaker/cli.rb:100:in `execute!'\n/Users/eric.putnam/.rbenv/versions/2.3.1/lib/ruby/gems/2.3.0/gems/beaker-2.51.0/bin/beaker:6:in `<top (required)>'\n/Users/eric.putnam/.rbenv/versions/2.3.1/bin/beaker:23:in `load'\n/Users/eric.putnam/.rbenv/versions/2.3.1/bin/beaker:23:in `<main>']]></failure>
      <system-out><![CDATA[LoadError: cannot load such file -- spec_helper_acceptance
/Users/eric.putnam/.rbenv/versions/2.3.1/lib/ruby/2.3.0/rubygems/core_ext/kernel_require.rb:55
/Users/eric.putnam/.rbenv/versions/2.3.1/lib/ruby/2.3.0/rubygems/core_ext/kernel_require.rb:55
/Users/eric.putnam/code/puppetlabs-stdlib/spec/acceptance/any2array_spec.rb:2
/Users/eric.putnam/.rbenv/versions/2.3.1/lib/ruby/gems/2.3.0/gems/beaker-2.51.0/lib/beaker/test_case.rb:133
/Users/eric.putnam/.rbenv/versions/2.3.1/lib/ruby/gems/2.3.0/gems/beaker-2.51.0/lib/beaker/test_case.rb:133
/Users/eric.putnam/.rbenv/versions/2.3.1/lib/ruby/2.3.0/benchmark.rb:308
/Users/eric.putnam/.rbenv/versions/2.3.1/lib/ruby/gems/2.3.0/gems/beaker-2.51.0/lib/beaker/test_case.rb:130
/Users/eric.putnam/.rbenv/versions/2.3.1/lib/ruby/gems/2.3.0/gems/beaker-2.51.0/lib/beaker/test_suite.rb:325
/Users/eric.putnam/.rbenv/versions/2.3.1/lib/ruby/gems/2.3.0/gems/beaker-2.51.0/lib/beaker/test_suite.rb:322
/Users/eric.putnam/.rbenv/versions/2.3.1/lib/ruby/gems/2.3.0/gems/beaker-2.51.0/lib/beaker/test_suite.rb:322
/Users/eric.putnam/.rbenv/versions/2.3.1/lib/ruby/gems/2.3.0/gems/beaker-2.51.0/lib/beaker/test_suite.rb:371
/Users/eric.putnam/.rbenv/versions/2.3.1/lib/ruby/gems/2.3.0/gems/beaker-2.51.0/lib/beaker/cli.rb:174
/Users/eric.putnam/.rbenv/versions/2.3.1/lib/ruby/gems/2.3.0/gems/beaker-2.51.0/lib/beaker/cli.rb:100
/Users/eric.putnam/.rbenv/versions/2.3.1/lib/ruby/gems/2.3.0/gems/beaker-2.51.0/bin/beaker:6
/Users/eric.putnam/.rbenv/versions/2.3.1/bin/beaker:23
/Users/eric.putnam/.rbenv/versions/2.3.1/bin/beaker:23
Begin teardown
End teardown
]]></system-out>
    </testcase>
    <testcase classname="acceptance" name="base64_spec.rb" time="0.003900">
      <failure type="error" message="cannot load such file -- spec_helper_acceptance"><![CDATA[/Users/eric.putnam/.rbenv/versions/2.3.1/lib/ruby/2.3.0/rubygems/core_ext/kernel_require.rb:55:in `require'\n/Users/eric.putnam/.rbenv/versions/2.3.1/lib/ruby/2.3.0/rubygems/core_ext/kernel_require.rb:55:in `require'\nacceptance/base64_spec.rb:2:in `block in run_test'\n/Users/eric.putnam/.rbenv/versions/2.3.1/lib/ruby/gems/2.3.0/gems/beaker-2.51.0/lib/beaker/test_case.rb:133:in `eval'\n/Users/eric.putnam/.rbenv/versions/2.3.1/lib/ruby/gems/2.3.0/gems/beaker-2.51.0/lib/beaker/test_case.rb:133:in `block in run_test'\n/Users/eric.putnam/.rbenv/versions/2.3.1/lib/ruby/2.3.0/benchmark.rb:308:in `realtime'\n/Users/eric.putnam/.rbenv/versions/2.3.1/lib/ruby/gems/2.3.0/gems/beaker-2.51.0/lib/beaker/test_case.rb:130:in `run_test'\n/Users/eric.putnam/.rbenv/versions/2.3.1/lib/ruby/gems/2.3.0/gems/beaker-2.51.0/lib/beaker/test_suite.rb:325:in `block in run'\n/Users/eric.putnam/.rbenv/versions/2.3.1/lib/ruby/gems/2.3.0/gems/beaker-2.51.0/lib/beaker/test_suite.rb:322:in `each'\n/Users/eric.putnam/.rbenv/versions/2.3.1/lib/ruby/gems/2.3.0/gems/beaker-2.51.0/lib/beaker/test_suite.rb:322:in `run'\n/Users/eric.putnam/.rbenv/versions/2.3.1/lib/ruby/gems/2.3.0/gems/beaker-2.51.0/lib/beaker/test_suite.rb:371:in `run_and_raise_on_failure'\n/Users/eric.putnam/.rbenv/versions/2.3.1/lib/ruby/gems/2.3.0/gems/beaker-2.51.0/lib/beaker/cli.rb:174:in `run_suite'\n/Users/eric.putnam/.rbenv/versions/2.3.1/lib/ruby/gems/2.3.0/gems/beaker-2.51.0/lib/beaker/cli.rb:100:in `execute!'\n/Users/eric.putnam/.rbenv/versions/2.3.1/lib/ruby/gems/2.3.0/gems/beaker-2.51.0/bin/beaker:6:in `<top (required)>'\n/Users/eric.putnam/.rbenv/versions/2.3.1/bin/beaker:23:in `load'\n/Users/eric.putnam/.rbenv/versions/2.3.1/bin/beaker:23:in `<main>']]></failure>
      <system-out><![CDATA[LoadError: cannot load such file -- spec_helper_acceptance
/Users/eric.putnam/.rbenv/versions/2.3.1/lib/ruby/2.3.0/rubygems/core_ext/kernel_require.rb:55
/Users/eric.putnam/.rbenv/versions/2.3.1/lib/ruby/2.3.0/rubygems/core_ext/kernel_require.rb:55
/Users/eric.putnam/code/puppetlabs-stdlib/spec/acceptance/base64_spec.rb:2
/Users/eric.putnam/.rbenv/versions/2.3.1/lib/ruby/gems/2.3.0/gems/beaker-2.51.0/lib/beaker/test_case.rb:133
/Users/eric.putnam/.rbenv/versions/2.3.1/lib/ruby/gems/2.3.0/gems/beaker-2.51.0/lib/beaker/test_case.rb:133
/Users/eric.putnam/.rbenv/versions/2.3.1/lib/ruby/2.3.0/benchmark.rb:308
/Users/eric.putnam/.rbenv/versions/2.3.1/lib/ruby/gems/2.3.0/gems/beaker-2.51.0/lib/beaker/test_case.rb:130
/Users/eric.putnam/.rbenv/versions/2.3.1/lib/ruby/gems/2.3.0/gems/beaker-2.51.0/lib/beaker/test_suite.rb:325
/Users/eric.putnam/.rbenv/versions/2.3.1/lib/ruby/gems/2.3.0/gems/beaker-2.51.0/lib/beaker/test_suite.rb:322
/Users/eric.putnam/.rbenv/versions/2.3.1/lib/ruby/gems/2.3.0/gems/beaker-2.51.0/lib/beaker/test_suite.rb:322
/Users/eric.putnam/.rbenv/versions/2.3.1/lib/ruby/gems/2.3.0/gems/beaker-2.51.0/lib/beaker/test_suite.rb:371
/Users/eric.putnam/.rbenv/versions/2.3.1/lib/ruby/gems/2.3.0/gems/beaker-2.51.0/lib/beaker/cli.rb:174
/Users/eric.putnam/.rbenv/versions/2.3.1/lib/ruby/gems/2.3.0/gems/beaker-2.51.0/lib/beaker/cli.rb:100
/Users/eric.putnam/.rbenv/versions/2.3.1/lib/ruby/gems/2.3.0/gems/beaker-2.51.0/bin/beaker:6
/Users/eric.putnam/.rbenv/versions/2.3.1/bin/beaker:23
/Users/eric.putnam/.rbenv/versions/2.3.1/bin/beaker:23
Begin teardown
End teardown
]]></system-out>
    </testcase>
    <testcase classname="acceptance" name="bool2num_spec.rb" time="0.003962">
      <failure type="error" message="cannot load such file -- spec_helper_acceptance"><![CDATA[/Users/eric.putnam/.rbenv/versions/2.3.1/lib/ruby/2.3.0/rubygems/core_ext/kernel_require.rb:55:in `require'\n/Users/eric.putnam/.rbenv/versions/2.3.1/lib/ruby/2.3.0/rubygems/core_ext/kernel_require.rb:55:in `require'\nacceptance/bool2num_spec.rb:2:in `block in run_test'\n/Users/eric.putnam/.rbenv/versions/2.3.1/lib/ruby/gems/2.3.0/gems/beaker-2.51.0/lib/beaker/test_case.rb:133:in `eval'\n/Users/eric.putnam/.rbenv/versions/2.3.1/lib/ruby/gems/2.3.0/gems/beaker-2.51.0/lib/beaker/test_case.rb:133:in `block in run_test'\n/Users/eric.putnam/.rbenv/versions/2.3.1/lib/ruby/2.3.0/benchmark.rb:308:in `realtime'\n/Users/eric.putnam/.rbenv/versions/2.3.1/lib/ruby/gems/2.3.0/gems/beaker-2.51.0/lib/beaker/test_case.rb:130:in `run_test'\n/Users/eric.putnam/.rbenv/versions/2.3.1/lib/ruby/gems/2.3.0/gems/beaker-2.51.0/lib/beaker/test_suite.rb:325:in `block in run'\n/Users/eric.putnam/.rbenv/versions/2.3.1/lib/ruby/gems/2.3.0/gems/beaker-2.51.0/lib/beaker/test_suite.rb:322:in `each'\n/Users/eric.putnam/.rbenv/versions/2.3.1/lib/ruby/gems/2.3.0/gems/beaker-2.51.0/lib/beaker/test_suite.rb:322:in `run'\n/Users/eric.putnam/.rbenv/versions/2.3.1/lib/ruby/gems/2.3.0/gems/beaker-2.51.0/lib/beaker/test_suite.rb:371:in `run_and_raise_on_failure'\n/Users/eric.putnam/.rbenv/versions/2.3.1/lib/ruby/gems/2.3.0/gems/beaker-2.51.0/lib/beaker/cli.rb:174:in `run_suite'\n/Users/eric.putnam/.rbenv/versions/2.3.1/lib/ruby/gems/2.3.0/gems/beaker-2.51.0/lib/beaker/cli.rb:100:in `execute!'\n/Users/eric.putnam/.rbenv/versions/2.3.1/lib/ruby/gems/2.3.0/gems/beaker-2.51.0/bin/beaker:6:in `<top (required)>'\n/Users/eric.putnam/.rbenv/versions/2.3.1/bin/beaker:23:in `load'\n/Users/eric.putnam/.rbenv/versions/2.3.1/bin/beaker:23:in `<main>']]></failure>
      <system-out><![CDATA[LoadError: cannot load such file -- spec_helper_acceptance
/Users/eric.putnam/.rbenv/versions/2.3.1/lib/ruby/2.3.0/rubygems/core_ext/kernel_require.rb:55
/Users/eric.putnam/.rbenv/versions/2.3.1/lib/ruby/2.3.0/rubygems/core_ext/kernel_require.rb:55
/Users/eric.putnam/code/puppetlabs-stdlib/spec/acceptance/bool2num_spec.rb:2
/Users/eric.putnam/.rbenv/versions/2.3.1/lib/ruby/gems/2.3.0/gems/beaker-2.51.0/lib/beaker/test_case.rb:133
/Users/eric.putnam/.rbenv/versions/2.3.1/lib/ruby/gems/2.3.0/gems/beaker-2.51.0/lib/beaker/test_case.rb:133
/Users/eric.putnam/.rbenv/versions/2.3.1/lib/ruby/2.3.0/benchmark.rb:308
/Users/eric.putnam/.rbenv/versions/2.3.1/lib/ruby/gems/2.3.0/gems/beaker-2.51.0/lib/beaker/test_case.rb:130
/Users/eric.putnam/.rbenv/versions/2.3.1/lib/ruby/gems/2.3.0/gems/beaker-2.51.0/lib/beaker/test_suite.rb:325
/Users/eric.putnam/.rbenv/versions/2.3.1/lib/ruby/gems/2.3.0/gems/beaker-2.51.0/lib/beaker/test_suite.rb:322
/Users/eric.putnam/.rbenv/versions/2.3.1/lib/ruby/gems/2.3.0/gems/beaker-2.51.0/lib/beaker/test_suite.rb:322
/Users/eric.putnam/.rbenv/versions/2.3.1/lib/ruby/gems/2.3.0/gems/beaker-2.51.0/lib/beaker/test_suite.rb:371
/Users/eric.putnam/.rbenv/versions/2.3.1/lib/ruby/gems/2.3.0/gems/beaker-2.51.0/lib/beaker/cli.rb:174
/Users/eric.putnam/.rbenv/versions/2.3.1/lib/ruby/gems/2.3.0/gems/beaker-2.51.0/lib/beaker/cli.rb:100
/Users/eric.putnam/.rbenv/versions/2.3.1/lib/ruby/gems/2.3.0/gems/beaker-2.51.0/bin/beaker:6
/Users/eric.putnam/.rbenv/versions/2.3.1/bin/beaker:23
/Users/eric.putnam/.rbenv/versions/2.3.1/bin/beaker:23
Begin teardown
End teardown
]]></system-out>
    </testcase>
    <testcase classname="acceptance" name="build_csv.rb" time="0.073087">
      <failure type="error" message="undefined method `parse_options' for #&lt;RSpec::Core::ConfigurationOptions:0x007fa6c98098d8&gt;"><![CDATA[acceptance/build_csv.rb:27:in `block in run_test'\n/Users/eric.putnam/.rbenv/versions/2.3.1/lib/ruby/gems/2.3.0/gems/beaker-2.51.0/lib/beaker/test_case.rb:133:in `eval'\n/Users/eric.putnam/.rbenv/versions/2.3.1/lib/ruby/gems/2.3.0/gems/beaker-2.51.0/lib/beaker/test_case.rb:133:in `block in run_test'\n/Users/eric.putnam/.rbenv/versions/2.3.1/lib/ruby/2.3.0/benchmark.rb:308:in `realtime'\n/Users/eric.putnam/.rbenv/versions/2.3.1/lib/ruby/gems/2.3.0/gems/beaker-2.51.0/lib/beaker/test_case.rb:130:in `run_test'\n/Users/eric.putnam/.rbenv/versions/2.3.1/lib/ruby/gems/2.3.0/gems/beaker-2.51.0/lib/beaker/test_suite.rb:325:in `block in run'\n/Users/eric.putnam/.rbenv/versions/2.3.1/lib/ruby/gems/2.3.0/gems/beaker-2.51.0/lib/beaker/test_suite.rb:322:in `each'\n/Users/eric.putnam/.rbenv/versions/2.3.1/lib/ruby/gems/2.3.0/gems/beaker-2.51.0/lib/beaker/test_suite.rb:322:in `run'\n/Users/eric.putnam/.rbenv/versions/2.3.1/lib/ruby/gems/2.3.0/gems/beaker-2.51.0/lib/beaker/test_suite.rb:371:in `run_and_raise_on_failure'\n/Users/eric.putnam/.rbenv/versions/2.3.1/lib/ruby/gems/2.3.0/gems/beaker-2.51.0/lib/beaker/cli.rb:174:in `run_suite'\n/Users/eric.putnam/.rbenv/versions/2.3.1/lib/ruby/gems/2.3.0/gems/beaker-2.51.0/lib/beaker/cli.rb:100:in `execute!'\n/Users/eric.putnam/.rbenv/versions/2.3.1/lib/ruby/gems/2.3.0/gems/beaker-2.51.0/bin/beaker:6:in `<top (required)>'\n/Users/eric.putnam/.rbenv/versions/2.3.1/bin/beaker:23:in `load'\n/Users/eric.putnam/.rbenv/versions/2.3.1/bin/beaker:23:in `<main>']]></failure>
      <system-out><![CDATA[NoMethodError: undefined method `parse_options' for #<RSpec::Core::ConfigurationOptions:0x007fa6c98098d8>
/Users/eric.putnam/code/puppetlabs-stdlib/spec/acceptance/build_csv.rb:27
/Users/eric.putnam/.rbenv/versions/2.3.1/lib/ruby/gems/2.3.0/gems/beaker-2.51.0/lib/beaker/test_case.rb:133
/Users/eric.putnam/.rbenv/versions/2.3.1/lib/ruby/gems/2.3.0/gems/beaker-2.51.0/lib/beaker/test_case.rb:133
/Users/eric.putnam/.rbenv/versions/2.3.1/lib/ruby/2.3.0/benchmark.rb:308
/Users/eric.putnam/.rbenv/versions/2.3.1/lib/ruby/gems/2.3.0/gems/beaker-2.51.0/lib/beaker/test_case.rb:130
/Users/eric.putnam/.rbenv/versions/2.3.1/lib/ruby/gems/2.3.0/gems/beaker-2.51.0/lib/beaker/test_suite.rb:325
/Users/eric.putnam/.rbenv/versions/2.3.1/lib/ruby/gems/2.3.0/gems/beaker-2.51.0/lib/beaker/test_suite.rb:322
/Users/eric.putnam/.rbenv/versions/2.3.1/lib/ruby/gems/2.3.0/gems/beaker-2.51.0/lib/beaker/test_suite.rb:322
/Users/eric.putnam/.rbenv/versions/2.3.1/lib/ruby/gems/2.3.0/gems/beaker-2.51.0/lib/beaker/test_suite.rb:371
/Users/eric.putnam/.rbenv/versions/2.3.1/lib/ruby/gems/2.3.0/gems/beaker-2.51.0/lib/beaker/cli.rb:174
/Users/eric.putnam/.rbenv/versions/2.3.1/lib/ruby/gems/2.3.0/gems/beaker-2.51.0/lib/beaker/cli.rb:100
/Users/eric.putnam/.rbenv/versions/2.3.1/lib/ruby/gems/2.3.0/gems/beaker-2.51.0/bin/beaker:6
/Users/eric.putnam/.rbenv/versions/2.3.1/bin/beaker:23
/Users/eric.putnam/.rbenv/versions/2.3.1/bin/beaker:23
Begin teardown
End teardown
]]></system-out>
    </testcase>
    <testcase classname="acceptance" name="capitalize_spec.rb" time="0.003936">
      <failure type="error" message="cannot load such file -- spec_helper_acceptance"><![CDATA[/Users/eric.putnam/.rbenv/versions/2.3.1/lib/ruby/2.3.0/rubygems/core_ext/kernel_require.rb:55:in `require'\n/Users/eric.putnam/.rbenv/versions/2.3.1/lib/ruby/2.3.0/rubygems/core_ext/kernel_require.rb:55:in `require'\nacceptance/capitalize_spec.rb:2:in `block in run_test'\n/Users/eric.putnam/.rbenv/versions/2.3.1/lib/ruby/gems/2.3.0/gems/beaker-2.51.0/lib/beaker/test_case.rb:133:in `eval'\n/Users/eric.putnam/.rbenv/versions/2.3.1/lib/ruby/gems/2.3.0/gems/beaker-2.51.0/lib/beaker/test_case.rb:133:in `block in run_test'\n/Users/eric.putnam/.rbenv/versions/2.3.1/lib/ruby/2.3.0/benchmark.rb:308:in `realtime'\n/Users/eric.putnam/.rbenv/versions/2.3.1/lib/ruby/gems/2.3.0/gems/beaker-2.51.0/lib/beaker/test_case.rb:130:in `run_test'\n/Users/eric.putnam/.rbenv/versions/2.3.1/lib/ruby/gems/2.3.0/gems/beaker-2.51.0/lib/beaker/test_suite.rb:325:in `block in run'\n/Users/eric.putnam/.rbenv/versions/2.3.1/lib/ruby/gems/2.3.0/gems/beaker-2.51.0/lib/beaker/test_suite.rb:322:in `each'\n/Users/eric.putnam/.rbenv/versions/2.3.1/lib/ruby/gems/2.3.0/gems/beaker-2.51.0/lib/beaker/test_suite.rb:322:in `run'\n/Users/eric.putnam/.rbenv/versions/2.3.1/lib/ruby/gems/2.3.0/gems/beaker-2.51.0/lib/beaker/test_suite.rb:371:in `run_and_raise_on_failure'\n/Users/eric.putnam/.rbenv/versions/2.3.1/lib/ruby/gems/2.3.0/gems/beaker-2.51.0/lib/beaker/cli.rb:174:in `run_suite'\n/Users/eric.putnam/.rbenv/versions/2.3.1/lib/ruby/gems/2.3.0/gems/beaker-2.51.0/lib/beaker/cli.rb:100:in `execute!'\n/Users/eric.putnam/.rbenv/versions/2.3.1/lib/ruby/gems/2.3.0/gems/beaker-2.51.0/bin/beaker:6:in `<top (required)>'\n/Users/eric.putnam/.rbenv/versions/2.3.1/bin/beaker:23:in `load'\n/Users/eric.putnam/.rbenv/versions/2.3.1/bin/beaker:23:in `<main>']]></failure>
      <system-out><![CDATA[LoadError: cannot load such file -- spec_helper_acceptance
/Users/eric.putnam/.rbenv/versions/2.3.1/lib/ruby/2.3.0/rubygems/core_ext/kernel_require.rb:55
/Users/eric.putnam/.rbenv/versions/2.3.1/lib/ruby/2.3.0/rubygems/core_ext/kernel_require.rb:55
/Users/eric.putnam/code/puppetlabs-stdlib/spec/acceptance/capitalize_spec.rb:2
/Users/eric.putnam/.rbenv/versions/2.3.1/lib/ruby/gems/2.3.0/gems/beaker-2.51.0/lib/beaker/test_case.rb:133
/Users/eric.putnam/.rbenv/versions/2.3.1/lib/ruby/gems/2.3.0/gems/beaker-2.51.0/lib/beaker/test_case.rb:133
/Users/eric.putnam/.rbenv/versions/2.3.1/lib/ruby/2.3.0/benchmark.rb:308
/Users/eric.putnam/.rbenv/versions/2.3.1/lib/ruby/gems/2.3.0/gems/beaker-2.51.0/lib/beaker/test_case.rb:130
/Users/eric.putnam/.rbenv/versions/2.3.1/lib/ruby/gems/2.3.0/gems/beaker-2.51.0/lib/beaker/test_suite.rb:325
/Users/eric.putnam/.rbenv/versions/2.3.1/lib/ruby/gems/2.3.0/gems/beaker-2.51.0/lib/beaker/test_suite.rb:322
/Users/eric.putnam/.rbenv/versions/2.3.1/lib/ruby/gems/2.3.0/gems/beaker-2.51.0/lib/beaker/test_suite.rb:322
/Users/eric.putnam/.rbenv/versions/2.3.1/lib/ruby/gems/2.3.0/gems/beaker-2.51.0/lib/beaker/test_suite.rb:371
/Users/eric.putnam/.rbenv/versions/2.3.1/lib/ruby/gems/2.3.0/gems/beaker-2.51.0/lib/beaker/cli.rb:174
/Users/eric.putnam/.rbenv/versions/2.3.1/lib/ruby/gems/2.3.0/gems/beaker-2.51.0/lib/beaker/cli.rb:100
/Users/eric.putnam/.rbenv/versions/2.3.1/lib/ruby/gems/2.3.0/gems/beaker-2.51.0/bin/beaker:6
/Users/eric.putnam/.rbenv/versions/2.3.1/bin/beaker:23
/Users/eric.putnam/.rbenv/versions/2.3.1/bin/beaker:23
Begin teardown
End teardown
]]></system-out>
    </testcase>
    <testcase classname="acceptance" name="ceiling_spec.rb" time="0.003204">
      <failure type="error" message="cannot load such file -- spec_helper_acceptance"><![CDATA[/Users/eric.putnam/.rbenv/versions/2.3.1/lib/ruby/2.3.0/rubygems/core_ext/kernel_require.rb:55:in `require'\n/Users/eric.putnam/.rbenv/versions/2.3.1/lib/ruby/2.3.0/rubygems/core_ext/kernel_require.rb:55:in `require'\nacceptance/ceiling_spec.rb:2:in `block in run_test'\n/Users/eric.putnam/.rbenv/versions/2.3.1/lib/ruby/gems/2.3.0/gems/beaker-2.51.0/lib/beaker/test_case.rb:133:in `eval'\n/Users/eric.putnam/.rbenv/versions/2.3.1/lib/ruby/gems/2.3.0/gems/beaker-2.51.0/lib/beaker/test_case.rb:133:in `block in run_test'\n/Users/eric.putnam/.rbenv/versions/2.3.1/lib/ruby/2.3.0/benchmark.rb:308:in `realtime'\n/Users/eric.putnam/.rbenv/versions/2.3.1/lib/ruby/gems/2.3.0/gems/beaker-2.51.0/lib/beaker/test_case.rb:130:in `run_test'\n/Users/eric.putnam/.rbenv/versions/2.3.1/lib/ruby/gems/2.3.0/gems/beaker-2.51.0/lib/beaker/test_suite.rb:325:in `block in run'\n/Users/eric.putnam/.rbenv/versions/2.3.1/lib/ruby/gems/2.3.0/gems/beaker-2.51.0/lib/beaker/test_suite.rb:322:in `each'\n/Users/eric.putnam/.rbenv/versions/2.3.1/lib/ruby/gems/2.3.0/gems/beaker-2.51.0/lib/beaker/test_suite.rb:322:in `run'\n/Users/eric.putnam/.rbenv/versions/2.3.1/lib/ruby/gems/2.3.0/gems/beaker-2.51.0/lib/beaker/test_suite.rb:371:in `run_and_raise_on_failure'\n/Users/eric.putnam/.rbenv/versions/2.3.1/lib/ruby/gems/2.3.0/gems/beaker-2.51.0/lib/beaker/cli.rb:174:in `run_suite'\n/Users/eric.putnam/.rbenv/versions/2.3.1/lib/ruby/gems/2.3.0/gems/beaker-2.51.0/lib/beaker/cli.rb:100:in `execute!'\n/Users/eric.putnam/.rbenv/versions/2.3.1/lib/ruby/gems/2.3.0/gems/beaker-2.51.0/bin/beaker:6:in `<top (required)>'\n/Users/eric.putnam/.rbenv/versions/2.3.1/bin/beaker:23:in `load'\n/Users/eric.putnam/.rbenv/versions/2.3.1/bin/beaker:23:in `<main>']]></failure>
      <system-out><![CDATA[LoadError: cannot load such file -- spec_helper_acceptance
/Users/eric.putnam/.rbenv/versions/2.3.1/lib/ruby/2.3.0/rubygems/core_ext/kernel_require.rb:55
/Users/eric.putnam/.rbenv/versions/2.3.1/lib/ruby/2.3.0/rubygems/core_ext/kernel_require.rb:55
/Users/eric.putnam/code/puppetlabs-stdlib/spec/acceptance/ceiling_spec.rb:2
/Users/eric.putnam/.rbenv/versions/2.3.1/lib/ruby/gems/2.3.0/gems/beaker-2.51.0/lib/beaker/test_case.rb:133
/Users/eric.putnam/.rbenv/versions/2.3.1/lib/ruby/gems/2.3.0/gems/beaker-2.51.0/lib/beaker/test_case.rb:133
/Users/eric.putnam/.rbenv/versions/2.3.1/lib/ruby/2.3.0/benchmark.rb:308
/Users/eric.putnam/.rbenv/versions/2.3.1/lib/ruby/gems/2.3.0/gems/beaker-2.51.0/lib/beaker/test_case.rb:130
/Users/eric.putnam/.rbenv/versions/2.3.1/lib/ruby/gems/2.3.0/gems/beaker-2.51.0/lib/beaker/test_suite.rb:325
/Users/eric.putnam/.rbenv/versions/2.3.1/lib/ruby/gems/2.3.0/gems/beaker-2.51.0/lib/beaker/test_suite.rb:322
/Users/eric.putnam/.rbenv/versions/2.3.1/lib/ruby/gems/2.3.0/gems/beaker-2.51.0/lib/beaker/test_suite.rb:322
/Users/eric.putnam/.rbenv/versions/2.3.1/lib/ruby/gems/2.3.0/gems/beaker-2.51.0/lib/beaker/test_suite.rb:371
/Users/eric.putnam/.rbenv/versions/2.3.1/lib/ruby/gems/2.3.0/gems/beaker-2.51.0/lib/beaker/cli.rb:174
/Users/eric.putnam/.rbenv/versions/2.3.1/lib/ruby/gems/2.3.0/gems/beaker-2.51.0/lib/beaker/cli.rb:100
/Users/eric.putnam/.rbenv/versions/2.3.1/lib/ruby/gems/2.3.0/gems/beaker-2.51.0/bin/beaker:6
/Users/eric.putnam/.rbenv/versions/2.3.1/bin/beaker:23
/Users/eric.putnam/.rbenv/versions/2.3.1/bin/beaker:23
Begin teardown
End teardown
]]></system-out>
    </testcase>
    <testcase classname="acceptance" name="chomp_spec.rb" time="0.003021">
      <failure type="error" message="cannot load such file -- spec_helper_acceptance"><![CDATA[/Users/eric.putnam/.rbenv/versions/2.3.1/lib/ruby/2.3.0/rubygems/core_ext/kernel_require.rb:55:in `require'\n/Users/eric.putnam/.rbenv/versions/2.3.1/lib/ruby/2.3.0/rubygems/core_ext/kernel_require.rb:55:in `require'\nacceptance/chomp_spec.rb:2:in `block in run_test'\n/Users/eric.putnam/.rbenv/versions/2.3.1/lib/ruby/gems/2.3.0/gems/beaker-2.51.0/lib/beaker/test_case.rb:133:in `eval'\n/Users/eric.putnam/.rbenv/versions/2.3.1/lib/ruby/gems/2.3.0/gems/beaker-2.51.0/lib/beaker/test_case.rb:133:in `block in run_test'\n/Users/eric.putnam/.rbenv/versions/2.3.1/lib/ruby/2.3.0/benchmark.rb:308:in `realtime'\n/Users/eric.putnam/.rbenv/versions/2.3.1/lib/ruby/gems/2.3.0/gems/beaker-2.51.0/lib/beaker/test_case.rb:130:in `run_test'\n/Users/eric.putnam/.rbenv/versions/2.3.1/lib/ruby/gems/2.3.0/gems/beaker-2.51.0/lib/beaker/test_suite.rb:325:in `block in run'\n/Users/eric.putnam/.rbenv/versions/2.3.1/lib/ruby/gems/2.3.0/gems/beaker-2.51.0/lib/beaker/test_suite.rb:322:in `each'\n/Users/eric.putnam/.rbenv/versions/2.3.1/lib/ruby/gems/2.3.0/gems/beaker-2.51.0/lib/beaker/test_suite.rb:322:in `run'\n/Users/eric.putnam/.rbenv/versions/2.3.1/lib/ruby/gems/2.3.0/gems/beaker-2.51.0/lib/beaker/test_suite.rb:371:in `run_and_raise_on_failure'\n/Users/eric.putnam/.rbenv/versions/2.3.1/lib/ruby/gems/2.3.0/gems/beaker-2.51.0/lib/beaker/cli.rb:174:in `run_suite'\n/Users/eric.putnam/.rbenv/versions/2.3.1/lib/ruby/gems/2.3.0/gems/beaker-2.51.0/lib/beaker/cli.rb:100:in `execute!'\n/Users/eric.putnam/.rbenv/versions/2.3.1/lib/ruby/gems/2.3.0/gems/beaker-2.51.0/bin/beaker:6:in `<top (required)>'\n/Users/eric.putnam/.rbenv/versions/2.3.1/bin/beaker:23:in `load'\n/Users/eric.putnam/.rbenv/versions/2.3.1/bin/beaker:23:in `<main>']]></failure>
      <system-out><![CDATA[LoadError: cannot load such file -- spec_helper_acceptance
/Users/eric.putnam/.rbenv/versions/2.3.1/lib/ruby/2.3.0/rubygems/core_ext/kernel_require.rb:55
/Users/eric.putnam/.rbenv/versions/2.3.1/lib/ruby/2.3.0/rubygems/core_ext/kernel_require.rb:55
/Users/eric.putnam/code/puppetlabs-stdlib/spec/acceptance/chomp_spec.rb:2
/Users/eric.putnam/.rbenv/versions/2.3.1/lib/ruby/gems/2.3.0/gems/beaker-2.51.0/lib/beaker/test_case.rb:133
/Users/eric.putnam/.rbenv/versions/2.3.1/lib/ruby/gems/2.3.0/gems/beaker-2.51.0/lib/beaker/test_case.rb:133
/Users/eric.putnam/.rbenv/versions/2.3.1/lib/ruby/2.3.0/benchmark.rb:308
/Users/eric.putnam/.rbenv/versions/2.3.1/lib/ruby/gems/2.3.0/gems/beaker-2.51.0/lib/beaker/test_case.rb:130
/Users/eric.putnam/.rbenv/versions/2.3.1/lib/ruby/gems/2.3.0/gems/beaker-2.51.0/lib/beaker/test_suite.rb:325
/Users/eric.putnam/.rbenv/versions/2.3.1/lib/ruby/gems/2.3.0/gems/beaker-2.51.0/lib/beaker/test_suite.rb:322
/Users/eric.putnam/.rbenv/versions/2.3.1/lib/ruby/gems/2.3.0/gems/beaker-2.51.0/lib/beaker/test_suite.rb:322
/Users/eric.putnam/.rbenv/versions/2.3.1/lib/ruby/gems/2.3.0/gems/beaker-2.51.0/lib/beaker/test_suite.rb:371
/Users/eric.putnam/.rbenv/versions/2.3.1/lib/ruby/gems/2.3.0/gems/beaker-2.51.0/lib/beaker/cli.rb:174
/Users/eric.putnam/.rbenv/versions/2.3.1/lib/ruby/gems/2.3.0/gems/beaker-2.51.0/lib/beaker/cli.rb:100
/Users/eric.putnam/.rbenv/versions/2.3.1/lib/ruby/gems/2.3.0/gems/beaker-2.51.0/bin/beaker:6
/Users/eric.putnam/.rbenv/versions/2.3.1/bin/beaker:23
/Users/eric.putnam/.rbenv/versions/2.3.1/bin/beaker:23
Begin teardown
End teardown
]]></system-out>
    </testcase>
    <testcase classname="acceptance" name="chop_spec.rb" time="0.002654">
      <failure type="error" message="cannot load such file -- spec_helper_acceptance"><![CDATA[/Users/eric.putnam/.rbenv/versions/2.3.1/lib/ruby/2.3.0/rubygems/core_ext/kernel_require.rb:55:in `require'\n/Users/eric.putnam/.rbenv/versions/2.3.1/lib/ruby/2.3.0/rubygems/core_ext/kernel_require.rb:55:in `require'\nacceptance/chop_spec.rb:2:in `block in run_test'\n/Users/eric.putnam/.rbenv/versions/2.3.1/lib/ruby/gems/2.3.0/gems/beaker-2.51.0/lib/beaker/test_case.rb:133:in `eval'\n/Users/eric.putnam/.rbenv/versions/2.3.1/lib/ruby/gems/2.3.0/gems/beaker-2.51.0/lib/beaker/test_case.rb:133:in `block in run_test'\n/Users/eric.putnam/.rbenv/versions/2.3.1/lib/ruby/2.3.0/benchmark.rb:308:in `realtime'\n/Users/eric.putnam/.rbenv/versions/2.3.1/lib/ruby/gems/2.3.0/gems/beaker-2.51.0/lib/beaker/test_case.rb:130:in `run_test'\n/Users/eric.putnam/.rbenv/versions/2.3.1/lib/ruby/gems/2.3.0/gems/beaker-2.51.0/lib/beaker/test_suite.rb:325:in `block in run'\n/Users/eric.putnam/.rbenv/versions/2.3.1/lib/ruby/gems/2.3.0/gems/beaker-2.51.0/lib/beaker/test_suite.rb:322:in `each'\n/Users/eric.putnam/.rbenv/versions/2.3.1/lib/ruby/gems/2.3.0/gems/beaker-2.51.0/lib/beaker/test_suite.rb:322:in `run'\n/Users/eric.putnam/.rbenv/versions/2.3.1/lib/ruby/gems/2.3.0/gems/beaker-2.51.0/lib/beaker/test_suite.rb:371:in `run_and_raise_on_failure'\n/Users/eric.putnam/.rbenv/versions/2.3.1/lib/ruby/gems/2.3.0/gems/beaker-2.51.0/lib/beaker/cli.rb:174:in `run_suite'\n/Users/eric.putnam/.rbenv/versions/2.3.1/lib/ruby/gems/2.3.0/gems/beaker-2.51.0/lib/beaker/cli.rb:100:in `execute!'\n/Users/eric.putnam/.rbenv/versions/2.3.1/lib/ruby/gems/2.3.0/gems/beaker-2.51.0/bin/beaker:6:in `<top (required)>'\n/Users/eric.putnam/.rbenv/versions/2.3.1/bin/beaker:23:in `load'\n/Users/eric.putnam/.rbenv/versions/2.3.1/bin/beaker:23:in `<main>']]></failure>
      <system-out><![CDATA[LoadError: cannot load such file -- spec_helper_acceptance
/Users/eric.putnam/.rbenv/versions/2.3.1/lib/ruby/2.3.0/rubygems/core_ext/kernel_require.rb:55
/Users/eric.putnam/.rbenv/versions/2.3.1/lib/ruby/2.3.0/rubygems/core_ext/kernel_require.rb:55
/Users/eric.putnam/code/puppetlabs-stdlib/spec/acceptance/chop_spec.rb:2
/Users/eric.putnam/.rbenv/versions/2.3.1/lib/ruby/gems/2.3.0/gems/beaker-2.51.0/lib/beaker/test_case.rb:133
/Users/eric.putnam/.rbenv/versions/2.3.1/lib/ruby/gems/2.3.0/gems/beaker-2.51.0/lib/beaker/test_case.rb:133
/Users/eric.putnam/.rbenv/versions/2.3.1/lib/ruby/2.3.0/benchmark.rb:308
/Users/eric.putnam/.rbenv/versions/2.3.1/lib/ruby/gems/2.3.0/gems/beaker-2.51.0/lib/beaker/test_case.rb:130
/Users/eric.putnam/.rbenv/versions/2.3.1/lib/ruby/gems/2.3.0/gems/beaker-2.51.0/lib/beaker/test_suite.rb:325
/Users/eric.putnam/.rbenv/versions/2.3.1/lib/ruby/gems/2.3.0/gems/beaker-2.51.0/lib/beaker/test_suite.rb:322
/Users/eric.putnam/.rbenv/versions/2.3.1/lib/ruby/gems/2.3.0/gems/beaker-2.51.0/lib/beaker/test_suite.rb:322
/Users/eric.putnam/.rbenv/versions/2.3.1/lib/ruby/gems/2.3.0/gems/beaker-2.51.0/lib/beaker/test_suite.rb:371
/Users/eric.putnam/.rbenv/versions/2.3.1/lib/ruby/gems/2.3.0/gems/beaker-2.51.0/lib/beaker/cli.rb:174
/Users/eric.putnam/.rbenv/versions/2.3.1/lib/ruby/gems/2.3.0/gems/beaker-2.51.0/lib/beaker/cli.rb:100
/Users/eric.putnam/.rbenv/versions/2.3.1/lib/ruby/gems/2.3.0/gems/beaker-2.51.0/bin/beaker:6
/Users/eric.putnam/.rbenv/versions/2.3.1/bin/beaker:23
/Users/eric.putnam/.rbenv/versions/2.3.1/bin/beaker:23
Begin teardown
End teardown
]]></system-out>
    </testcase>
    <testcase classname="acceptance" name="clamp_spec.rb" time="0.002595">
      <failure type="error" message="cannot load such file -- spec_helper_acceptance"><![CDATA[/Users/eric.putnam/.rbenv/versions/2.3.1/lib/ruby/2.3.0/rubygems/core_ext/kernel_require.rb:55:in `require'\n/Users/eric.putnam/.rbenv/versions/2.3.1/lib/ruby/2.3.0/rubygems/core_ext/kernel_require.rb:55:in `require'\nacceptance/clamp_spec.rb:2:in `block in run_test'\n/Users/eric.putnam/.rbenv/versions/2.3.1/lib/ruby/gems/2.3.0/gems/beaker-2.51.0/lib/beaker/test_case.rb:133:in `eval'\n/Users/eric.putnam/.rbenv/versions/2.3.1/lib/ruby/gems/2.3.0/gems/beaker-2.51.0/lib/beaker/test_case.rb:133:in `block in run_test'\n/Users/eric.putnam/.rbenv/versions/2.3.1/lib/ruby/2.3.0/benchmark.rb:308:in `realtime'\n/Users/eric.putnam/.rbenv/versions/2.3.1/lib/ruby/gems/2.3.0/gems/beaker-2.51.0/lib/beaker/test_case.rb:130:in `run_test'\n/Users/eric.putnam/.rbenv/versions/2.3.1/lib/ruby/gems/2.3.0/gems/beaker-2.51.0/lib/beaker/test_suite.rb:325:in `block in run'\n/Users/eric.putnam/.rbenv/versions/2.3.1/lib/ruby/gems/2.3.0/gems/beaker-2.51.0/lib/beaker/test_suite.rb:322:in `each'\n/Users/eric.putnam/.rbenv/versions/2.3.1/lib/ruby/gems/2.3.0/gems/beaker-2.51.0/lib/beaker/test_suite.rb:322:in `run'\n/Users/eric.putnam/.rbenv/versions/2.3.1/lib/ruby/gems/2.3.0/gems/beaker-2.51.0/lib/beaker/test_suite.rb:371:in `run_and_raise_on_failure'\n/Users/eric.putnam/.rbenv/versions/2.3.1/lib/ruby/gems/2.3.0/gems/beaker-2.51.0/lib/beaker/cli.rb:174:in `run_suite'\n/Users/eric.putnam/.rbenv/versions/2.3.1/lib/ruby/gems/2.3.0/gems/beaker-2.51.0/lib/beaker/cli.rb:100:in `execute!'\n/Users/eric.putnam/.rbenv/versions/2.3.1/lib/ruby/gems/2.3.0/gems/beaker-2.51.0/bin/beaker:6:in `<top (required)>'\n/Users/eric.putnam/.rbenv/versions/2.3.1/bin/beaker:23:in `load'\n/Users/eric.putnam/.rbenv/versions/2.3.1/bin/beaker:23:in `<main>']]></failure>
      <system-out><![CDATA[LoadError: cannot load such file -- spec_helper_acceptance
/Users/eric.putnam/.rbenv/versions/2.3.1/lib/ruby/2.3.0/rubygems/core_ext/kernel_require.rb:55
/Users/eric.putnam/.rbenv/versions/2.3.1/lib/ruby/2.3.0/rubygems/core_ext/kernel_require.rb:55
/Users/eric.putnam/code/puppetlabs-stdlib/spec/acceptance/clamp_spec.rb:2
/Users/eric.putnam/.rbenv/versions/2.3.1/lib/ruby/gems/2.3.0/gems/beaker-2.51.0/lib/beaker/test_case.rb:133
/Users/eric.putnam/.rbenv/versions/2.3.1/lib/ruby/gems/2.3.0/gems/beaker-2.51.0/lib/beaker/test_case.rb:133
/Users/eric.putnam/.rbenv/versions/2.3.1/lib/ruby/2.3.0/benchmark.rb:308
/Users/eric.putnam/.rbenv/versions/2.3.1/lib/ruby/gems/2.3.0/gems/beaker-2.51.0/lib/beaker/test_case.rb:130
/Users/eric.putnam/.rbenv/versions/2.3.1/lib/ruby/gems/2.3.0/gems/beaker-2.51.0/lib/beaker/test_suite.rb:325
/Users/eric.putnam/.rbenv/versions/2.3.1/lib/ruby/gems/2.3.0/gems/beaker-2.51.0/lib/beaker/test_suite.rb:322
/Users/eric.putnam/.rbenv/versions/2.3.1/lib/ruby/gems/2.3.0/gems/beaker-2.51.0/lib/beaker/test_suite.rb:322
/Users/eric.putnam/.rbenv/versions/2.3.1/lib/ruby/gems/2.3.0/gems/beaker-2.51.0/lib/beaker/test_suite.rb:371
/Users/eric.putnam/.rbenv/versions/2.3.1/lib/ruby/gems/2.3.0/gems/beaker-2.51.0/lib/beaker/cli.rb:174
/Users/eric.putnam/.rbenv/versions/2.3.1/lib/ruby/gems/2.3.0/gems/beaker-2.51.0/lib/beaker/cli.rb:100
/Users/eric.putnam/.rbenv/versions/2.3.1/lib/ruby/gems/2.3.0/gems/beaker-2.51.0/bin/beaker:6
/Users/eric.putnam/.rbenv/versions/2.3.1/bin/beaker:23
/Users/eric.putnam/.rbenv/versions/2.3.1/bin/beaker:23
Begin teardown
End teardown
]]></system-out>
    </testcase>
    <testcase classname="acceptance" name="concat_spec.rb" time="0.002734">
      <failure type="error" message="cannot load such file -- spec_helper_acceptance"><![CDATA[/Users/eric.putnam/.rbenv/versions/2.3.1/lib/ruby/2.3.0/rubygems/core_ext/kernel_require.rb:55:in `require'\n/Users/eric.putnam/.rbenv/versions/2.3.1/lib/ruby/2.3.0/rubygems/core_ext/kernel_require.rb:55:in `require'\nacceptance/concat_spec.rb:2:in `block in run_test'\n/Users/eric.putnam/.rbenv/versions/2.3.1/lib/ruby/gems/2.3.0/gems/beaker-2.51.0/lib/beaker/test_case.rb:133:in `eval'\n/Users/eric.putnam/.rbenv/versions/2.3.1/lib/ruby/gems/2.3.0/gems/beaker-2.51.0/lib/beaker/test_case.rb:133:in `block in run_test'\n/Users/eric.putnam/.rbenv/versions/2.3.1/lib/ruby/2.3.0/benchmark.rb:308:in `realtime'\n/Users/eric.putnam/.rbenv/versions/2.3.1/lib/ruby/gems/2.3.0/gems/beaker-2.51.0/lib/beaker/test_case.rb:130:in `run_test'\n/Users/eric.putnam/.rbenv/versions/2.3.1/lib/ruby/gems/2.3.0/gems/beaker-2.51.0/lib/beaker/test_suite.rb:325:in `block in run'\n/Users/eric.putnam/.rbenv/versions/2.3.1/lib/ruby/gems/2.3.0/gems/beaker-2.51.0/lib/beaker/test_suite.rb:322:in `each'\n/Users/eric.putnam/.rbenv/versions/2.3.1/lib/ruby/gems/2.3.0/gems/beaker-2.51.0/lib/beaker/test_suite.rb:322:in `run'\n/Users/eric.putnam/.rbenv/versions/2.3.1/lib/ruby/gems/2.3.0/gems/beaker-2.51.0/lib/beaker/test_suite.rb:371:in `run_and_raise_on_failure'\n/Users/eric.putnam/.rbenv/versions/2.3.1/lib/ruby/gems/2.3.0/gems/beaker-2.51.0/lib/beaker/cli.rb:174:in `run_suite'\n/Users/eric.putnam/.rbenv/versions/2.3.1/lib/ruby/gems/2.3.0/gems/beaker-2.51.0/lib/beaker/cli.rb:100:in `execute!'\n/Users/eric.putnam/.rbenv/versions/2.3.1/lib/ruby/gems/2.3.0/gems/beaker-2.51.0/bin/beaker:6:in `<top (required)>'\n/Users/eric.putnam/.rbenv/versions/2.3.1/bin/beaker:23:in `load'\n/Users/eric.putnam/.rbenv/versions/2.3.1/bin/beaker:23:in `<main>']]></failure>
      <system-out><![CDATA[LoadError: cannot load such file -- spec_helper_acceptance
/Users/eric.putnam/.rbenv/versions/2.3.1/lib/ruby/2.3.0/rubygems/core_ext/kernel_require.rb:55
/Users/eric.putnam/.rbenv/versions/2.3.1/lib/ruby/2.3.0/rubygems/core_ext/kernel_require.rb:55
/Users/eric.putnam/code/puppetlabs-stdlib/spec/acceptance/concat_spec.rb:2
/Users/eric.putnam/.rbenv/versions/2.3.1/lib/ruby/gems/2.3.0/gems/beaker-2.51.0/lib/beaker/test_case.rb:133
/Users/eric.putnam/.rbenv/versions/2.3.1/lib/ruby/gems/2.3.0/gems/beaker-2.51.0/lib/beaker/test_case.rb:133
/Users/eric.putnam/.rbenv/versions/2.3.1/lib/ruby/2.3.0/benchmark.rb:308
/Users/eric.putnam/.rbenv/versions/2.3.1/lib/ruby/gems/2.3.0/gems/beaker-2.51.0/lib/beaker/test_case.rb:130
/Users/eric.putnam/.rbenv/versions/2.3.1/lib/ruby/gems/2.3.0/gems/beaker-2.51.0/lib/beaker/test_suite.rb:325
/Users/eric.putnam/.rbenv/versions/2.3.1/lib/ruby/gems/2.3.0/gems/beaker-2.51.0/lib/beaker/test_suite.rb:322
/Users/eric.putnam/.rbenv/versions/2.3.1/lib/ruby/gems/2.3.0/gems/beaker-2.51.0/lib/beaker/test_suite.rb:322
/Users/eric.putnam/.rbenv/versions/2.3.1/lib/ruby/gems/2.3.0/gems/beaker-2.51.0/lib/beaker/test_suite.rb:371
/Users/eric.putnam/.rbenv/versions/2.3.1/lib/ruby/gems/2.3.0/gems/beaker-2.51.0/lib/beaker/cli.rb:174
/Users/eric.putnam/.rbenv/versions/2.3.1/lib/ruby/gems/2.3.0/gems/beaker-2.51.0/lib/beaker/cli.rb:100
/Users/eric.putnam/.rbenv/versions/2.3.1/lib/ruby/gems/2.3.0/gems/beaker-2.51.0/bin/beaker:6
/Users/eric.putnam/.rbenv/versions/2.3.1/bin/beaker:23
/Users/eric.putnam/.rbenv/versions/2.3.1/bin/beaker:23
Begin teardown
End teardown
]]></system-out>
    </testcase>
    <testcase classname="acceptance" name="count_spec.rb" time="0.003076">
      <failure type="error" message="cannot load such file -- spec_helper_acceptance"><![CDATA[/Users/eric.putnam/.rbenv/versions/2.3.1/lib/ruby/2.3.0/rubygems/core_ext/kernel_require.rb:55:in `require'\n/Users/eric.putnam/.rbenv/versions/2.3.1/lib/ruby/2.3.0/rubygems/core_ext/kernel_require.rb:55:in `require'\nacceptance/count_spec.rb:2:in `block in run_test'\n/Users/eric.putnam/.rbenv/versions/2.3.1/lib/ruby/gems/2.3.0/gems/beaker-2.51.0/lib/beaker/test_case.rb:133:in `eval'\n/Users/eric.putnam/.rbenv/versions/2.3.1/lib/ruby/gems/2.3.0/gems/beaker-2.51.0/lib/beaker/test_case.rb:133:in `block in run_test'\n/Users/eric.putnam/.rbenv/versions/2.3.1/lib/ruby/2.3.0/benchmark.rb:308:in `realtime'\n/Users/eric.putnam/.rbenv/versions/2.3.1/lib/ruby/gems/2.3.0/gems/beaker-2.51.0/lib/beaker/test_case.rb:130:in `run_test'\n/Users/eric.putnam/.rbenv/versions/2.3.1/lib/ruby/gems/2.3.0/gems/beaker-2.51.0/lib/beaker/test_suite.rb:325:in `block in run'\n/Users/eric.putnam/.rbenv/versions/2.3.1/lib/ruby/gems/2.3.0/gems/beaker-2.51.0/lib/beaker/test_suite.rb:322:in `each'\n/Users/eric.putnam/.rbenv/versions/2.3.1/lib/ruby/gems/2.3.0/gems/beaker-2.51.0/lib/beaker/test_suite.rb:322:in `run'\n/Users/eric.putnam/.rbenv/versions/2.3.1/lib/ruby/gems/2.3.0/gems/beaker-2.51.0/lib/beaker/test_suite.rb:371:in `run_and_raise_on_failure'\n/Users/eric.putnam/.rbenv/versions/2.3.1/lib/ruby/gems/2.3.0/gems/beaker-2.51.0/lib/beaker/cli.rb:174:in `run_suite'\n/Users/eric.putnam/.rbenv/versions/2.3.1/lib/ruby/gems/2.3.0/gems/beaker-2.51.0/lib/beaker/cli.rb:100:in `execute!'\n/Users/eric.putnam/.rbenv/versions/2.3.1/lib/ruby/gems/2.3.0/gems/beaker-2.51.0/bin/beaker:6:in `<top (required)>'\n/Users/eric.putnam/.rbenv/versions/2.3.1/bin/beaker:23:in `load'\n/Users/eric.putnam/.rbenv/versions/2.3.1/bin/beaker:23:in `<main>']]></failure>
      <system-out><![CDATA[LoadError: cannot load such file -- spec_helper_acceptance
/Users/eric.putnam/.rbenv/versions/2.3.1/lib/ruby/2.3.0/rubygems/core_ext/kernel_require.rb:55
/Users/eric.putnam/.rbenv/versions/2.3.1/lib/ruby/2.3.0/rubygems/core_ext/kernel_require.rb:55
/Users/eric.putnam/code/puppetlabs-stdlib/spec/acceptance/count_spec.rb:2
/Users/eric.putnam/.rbenv/versions/2.3.1/lib/ruby/gems/2.3.0/gems/beaker-2.51.0/lib/beaker/test_case.rb:133
/Users/eric.putnam/.rbenv/versions/2.3.1/lib/ruby/gems/2.3.0/gems/beaker-2.51.0/lib/beaker/test_case.rb:133
/Users/eric.putnam/.rbenv/versions/2.3.1/lib/ruby/2.3.0/benchmark.rb:308
/Users/eric.putnam/.rbenv/versions/2.3.1/lib/ruby/gems/2.3.0/gems/beaker-2.51.0/lib/beaker/test_case.rb:130
/Users/eric.putnam/.rbenv/versions/2.3.1/lib/ruby/gems/2.3.0/gems/beaker-2.51.0/lib/beaker/test_suite.rb:325
/Users/eric.putnam/.rbenv/versions/2.3.1/lib/ruby/gems/2.3.0/gems/beaker-2.51.0/lib/beaker/test_suite.rb:322
/Users/eric.putnam/.rbenv/versions/2.3.1/lib/ruby/gems/2.3.0/gems/beaker-2.51.0/lib/beaker/test_suite.rb:322
/Users/eric.putnam/.rbenv/versions/2.3.1/lib/ruby/gems/2.3.0/gems/beaker-2.51.0/lib/beaker/test_suite.rb:371
/Users/eric.putnam/.rbenv/versions/2.3.1/lib/ruby/gems/2.3.0/gems/beaker-2.51.0/lib/beaker/cli.rb:174
/Users/eric.putnam/.rbenv/versions/2.3.1/lib/ruby/gems/2.3.0/gems/beaker-2.51.0/lib/beaker/cli.rb:100
/Users/eric.putnam/.rbenv/versions/2.3.1/lib/ruby/gems/2.3.0/gems/beaker-2.51.0/bin/beaker:6
/Users/eric.putnam/.rbenv/versions/2.3.1/bin/beaker:23
/Users/eric.putnam/.rbenv/versions/2.3.1/bin/beaker:23
Begin teardown
End teardown
]]></system-out>
    </testcase>
    <testcase classname="acceptance" name="deep_merge_spec.rb" time="0.003080">
      <failure type="error" message="cannot load such file -- spec_helper_acceptance"><![CDATA[/Users/eric.putnam/.rbenv/versions/2.3.1/lib/ruby/2.3.0/rubygems/core_ext/kernel_require.rb:55:in `require'\n/Users/eric.putnam/.rbenv/versions/2.3.1/lib/ruby/2.3.0/rubygems/core_ext/kernel_require.rb:55:in `require'\nacceptance/deep_merge_spec.rb:2:in `block in run_test'\n/Users/eric.putnam/.rbenv/versions/2.3.1/lib/ruby/gems/2.3.0/gems/beaker-2.51.0/lib/beaker/test_case.rb:133:in `eval'\n/Users/eric.putnam/.rbenv/versions/2.3.1/lib/ruby/gems/2.3.0/gems/beaker-2.51.0/lib/beaker/test_case.rb:133:in `block in run_test'\n/Users/eric.putnam/.rbenv/versions/2.3.1/lib/ruby/2.3.0/benchmark.rb:308:in `realtime'\n/Users/eric.putnam/.rbenv/versions/2.3.1/lib/ruby/gems/2.3.0/gems/beaker-2.51.0/lib/beaker/test_case.rb:130:in `run_test'\n/Users/eric.putnam/.rbenv/versions/2.3.1/lib/ruby/gems/2.3.0/gems/beaker-2.51.0/lib/beaker/test_suite.rb:325:in `block in run'\n/Users/eric.putnam/.rbenv/versions/2.3.1/lib/ruby/gems/2.3.0/gems/beaker-2.51.0/lib/beaker/test_suite.rb:322:in `each'\n/Users/eric.putnam/.rbenv/versions/2.3.1/lib/ruby/gems/2.3.0/gems/beaker-2.51.0/lib/beaker/test_suite.rb:322:in `run'\n/Users/eric.putnam/.rbenv/versions/2.3.1/lib/ruby/gems/2.3.0/gems/beaker-2.51.0/lib/beaker/test_suite.rb:371:in `run_and_raise_on_failure'\n/Users/eric.putnam/.rbenv/versions/2.3.1/lib/ruby/gems/2.3.0/gems/beaker-2.51.0/lib/beaker/cli.rb:174:in `run_suite'\n/Users/eric.putnam/.rbenv/versions/2.3.1/lib/ruby/gems/2.3.0/gems/beaker-2.51.0/lib/beaker/cli.rb:100:in `execute!'\n/Users/eric.putnam/.rbenv/versions/2.3.1/lib/ruby/gems/2.3.0/gems/beaker-2.51.0/bin/beaker:6:in `<top (required)>'\n/Users/eric.putnam/.rbenv/versions/2.3.1/bin/beaker:23:in `load'\n/Users/eric.putnam/.rbenv/versions/2.3.1/bin/beaker:23:in `<main>']]></failure>
      <system-out><![CDATA[LoadError: cannot load such file -- spec_helper_acceptance
/Users/eric.putnam/.rbenv/versions/2.3.1/lib/ruby/2.3.0/rubygems/core_ext/kernel_require.rb:55
/Users/eric.putnam/.rbenv/versions/2.3.1/lib/ruby/2.3.0/rubygems/core_ext/kernel_require.rb:55
/Users/eric.putnam/code/puppetlabs-stdlib/spec/acceptance/deep_merge_spec.rb:2
/Users/eric.putnam/.rbenv/versions/2.3.1/lib/ruby/gems/2.3.0/gems/beaker-2.51.0/lib/beaker/test_case.rb:133
/Users/eric.putnam/.rbenv/versions/2.3.1/lib/ruby/gems/2.3.0/gems/beaker-2.51.0/lib/beaker/test_case.rb:133
/Users/eric.putnam/.rbenv/versions/2.3.1/lib/ruby/2.3.0/benchmark.rb:308
/Users/eric.putnam/.rbenv/versions/2.3.1/lib/ruby/gems/2.3.0/gems/beaker-2.51.0/lib/beaker/test_case.rb:130
/Users/eric.putnam/.rbenv/versions/2.3.1/lib/ruby/gems/2.3.0/gems/beaker-2.51.0/lib/beaker/test_suite.rb:325
/Users/eric.putnam/.rbenv/versions/2.3.1/lib/ruby/gems/2.3.0/gems/beaker-2.51.0/lib/beaker/test_suite.rb:322
/Users/eric.putnam/.rbenv/versions/2.3.1/lib/ruby/gems/2.3.0/gems/beaker-2.51.0/lib/beaker/test_suite.rb:322
/Users/eric.putnam/.rbenv/versions/2.3.1/lib/ruby/gems/2.3.0/gems/beaker-2.51.0/lib/beaker/test_suite.rb:371
/Users/eric.putnam/.rbenv/versions/2.3.1/lib/ruby/gems/2.3.0/gems/beaker-2.51.0/lib/beaker/cli.rb:174
/Users/eric.putnam/.rbenv/versions/2.3.1/lib/ruby/gems/2.3.0/gems/beaker-2.51.0/lib/beaker/cli.rb:100
/Users/eric.putnam/.rbenv/versions/2.3.1/lib/ruby/gems/2.3.0/gems/beaker-2.51.0/bin/beaker:6
/Users/eric.putnam/.rbenv/versions/2.3.1/bin/beaker:23
/Users/eric.putnam/.rbenv/versions/2.3.1/bin/beaker:23
Begin teardown
End teardown
]]></system-out>
    </testcase>
    <testcase classname="acceptance" name="defined_with_params_spec.rb" time="0.002853">
      <failure type="error" message="cannot load such file -- spec_helper_acceptance"><![CDATA[/Users/eric.putnam/.rbenv/versions/2.3.1/lib/ruby/2.3.0/rubygems/core_ext/kernel_require.rb:55:in `require'\n/Users/eric.putnam/.rbenv/versions/2.3.1/lib/ruby/2.3.0/rubygems/core_ext/kernel_require.rb:55:in `require'\nacceptance/defined_with_params_spec.rb:2:in `block in run_test'\n/Users/eric.putnam/.rbenv/versions/2.3.1/lib/ruby/gems/2.3.0/gems/beaker-2.51.0/lib/beaker/test_case.rb:133:in `eval'\n/Users/eric.putnam/.rbenv/versions/2.3.1/lib/ruby/gems/2.3.0/gems/beaker-2.51.0/lib/beaker/test_case.rb:133:in `block in run_test'\n/Users/eric.putnam/.rbenv/versions/2.3.1/lib/ruby/2.3.0/benchmark.rb:308:in `realtime'\n/Users/eric.putnam/.rbenv/versions/2.3.1/lib/ruby/gems/2.3.0/gems/beaker-2.51.0/lib/beaker/test_case.rb:130:in `run_test'\n/Users/eric.putnam/.rbenv/versions/2.3.1/lib/ruby/gems/2.3.0/gems/beaker-2.51.0/lib/beaker/test_suite.rb:325:in `block in run'\n/Users/eric.putnam/.rbenv/versions/2.3.1/lib/ruby/gems/2.3.0/gems/beaker-2.51.0/lib/beaker/test_suite.rb:322:in `each'\n/Users/eric.putnam/.rbenv/versions/2.3.1/lib/ruby/gems/2.3.0/gems/beaker-2.51.0/lib/beaker/test_suite.rb:322:in `run'\n/Users/eric.putnam/.rbenv/versions/2.3.1/lib/ruby/gems/2.3.0/gems/beaker-2.51.0/lib/beaker/test_suite.rb:371:in `run_and_raise_on_failure'\n/Users/eric.putnam/.rbenv/versions/2.3.1/lib/ruby/gems/2.3.0/gems/beaker-2.51.0/lib/beaker/cli.rb:174:in `run_suite'\n/Users/eric.putnam/.rbenv/versions/2.3.1/lib/ruby/gems/2.3.0/gems/beaker-2.51.0/lib/beaker/cli.rb:100:in `execute!'\n/Users/eric.putnam/.rbenv/versions/2.3.1/lib/ruby/gems/2.3.0/gems/beaker-2.51.0/bin/beaker:6:in `<top (required)>'\n/Users/eric.putnam/.rbenv/versions/2.3.1/bin/beaker:23:in `load'\n/Users/eric.putnam/.rbenv/versions/2.3.1/bin/beaker:23:in `<main>']]></failure>
      <system-out><![CDATA[LoadError: cannot load such file -- spec_helper_acceptance
/Users/eric.putnam/.rbenv/versions/2.3.1/lib/ruby/2.3.0/rubygems/core_ext/kernel_require.rb:55
/Users/eric.putnam/.rbenv/versions/2.3.1/lib/ruby/2.3.0/rubygems/core_ext/kernel_require.rb:55
/Users/eric.putnam/code/puppetlabs-stdlib/spec/acceptance/defined_with_params_spec.rb:2
/Users/eric.putnam/.rbenv/versions/2.3.1/lib/ruby/gems/2.3.0/gems/beaker-2.51.0/lib/beaker/test_case.rb:133
/Users/eric.putnam/.rbenv/versions/2.3.1/lib/ruby/gems/2.3.0/gems/beaker-2.51.0/lib/beaker/test_case.rb:133
/Users/eric.putnam/.rbenv/versions/2.3.1/lib/ruby/2.3.0/benchmark.rb:308
/Users/eric.putnam/.rbenv/versions/2.3.1/lib/ruby/gems/2.3.0/gems/beaker-2.51.0/lib/beaker/test_case.rb:130
/Users/eric.putnam/.rbenv/versions/2.3.1/lib/ruby/gems/2.3.0/gems/beaker-2.51.0/lib/beaker/test_suite.rb:325
/Users/eric.putnam/.rbenv/versions/2.3.1/lib/ruby/gems/2.3.0/gems/beaker-2.51.0/lib/beaker/test_suite.rb:322
/Users/eric.putnam/.rbenv/versions/2.3.1/lib/ruby/gems/2.3.0/gems/beaker-2.51.0/lib/beaker/test_suite.rb:322
/Users/eric.putnam/.rbenv/versions/2.3.1/lib/ruby/gems/2.3.0/gems/beaker-2.51.0/lib/beaker/test_suite.rb:371
/Users/eric.putnam/.rbenv/versions/2.3.1/lib/ruby/gems/2.3.0/gems/beaker-2.51.0/lib/beaker/cli.rb:174
/Users/eric.putnam/.rbenv/versions/2.3.1/lib/ruby/gems/2.3.0/gems/beaker-2.51.0/lib/beaker/cli.rb:100
/Users/eric.putnam/.rbenv/versions/2.3.1/lib/ruby/gems/2.3.0/gems/beaker-2.51.0/bin/beaker:6
/Users/eric.putnam/.rbenv/versions/2.3.1/bin/beaker:23
/Users/eric.putnam/.rbenv/versions/2.3.1/bin/beaker:23
Begin teardown
End teardown
]]></system-out>
    </testcase>
    <testcase classname="acceptance" name="delete_at_spec.rb" time="0.002853">
      <failure type="error" message="cannot load such file -- spec_helper_acceptance"><![CDATA[/Users/eric.putnam/.rbenv/versions/2.3.1/lib/ruby/2.3.0/rubygems/core_ext/kernel_require.rb:55:in `require'\n/Users/eric.putnam/.rbenv/versions/2.3.1/lib/ruby/2.3.0/rubygems/core_ext/kernel_require.rb:55:in `require'\nacceptance/delete_at_spec.rb:2:in `block in run_test'\n/Users/eric.putnam/.rbenv/versions/2.3.1/lib/ruby/gems/2.3.0/gems/beaker-2.51.0/lib/beaker/test_case.rb:133:in `eval'\n/Users/eric.putnam/.rbenv/versions/2.3.1/lib/ruby/gems/2.3.0/gems/beaker-2.51.0/lib/beaker/test_case.rb:133:in `block in run_test'\n/Users/eric.putnam/.rbenv/versions/2.3.1/lib/ruby/2.3.0/benchmark.rb:308:in `realtime'\n/Users/eric.putnam/.rbenv/versions/2.3.1/lib/ruby/gems/2.3.0/gems/beaker-2.51.0/lib/beaker/test_case.rb:130:in `run_test'\n/Users/eric.putnam/.rbenv/versions/2.3.1/lib/ruby/gems/2.3.0/gems/beaker-2.51.0/lib/beaker/test_suite.rb:325:in `block in run'\n/Users/eric.putnam/.rbenv/versions/2.3.1/lib/ruby/gems/2.3.0/gems/beaker-2.51.0/lib/beaker/test_suite.rb:322:in `each'\n/Users/eric.putnam/.rbenv/versions/2.3.1/lib/ruby/gems/2.3.0/gems/beaker-2.51.0/lib/beaker/test_suite.rb:322:in `run'\n/Users/eric.putnam/.rbenv/versions/2.3.1/lib/ruby/gems/2.3.0/gems/beaker-2.51.0/lib/beaker/test_suite.rb:371:in `run_and_raise_on_failure'\n/Users/eric.putnam/.rbenv/versions/2.3.1/lib/ruby/gems/2.3.0/gems/beaker-2.51.0/lib/beaker/cli.rb:174:in `run_suite'\n/Users/eric.putnam/.rbenv/versions/2.3.1/lib/ruby/gems/2.3.0/gems/beaker-2.51.0/lib/beaker/cli.rb:100:in `execute!'\n/Users/eric.putnam/.rbenv/versions/2.3.1/lib/ruby/gems/2.3.0/gems/beaker-2.51.0/bin/beaker:6:in `<top (required)>'\n/Users/eric.putnam/.rbenv/versions/2.3.1/bin/beaker:23:in `load'\n/Users/eric.putnam/.rbenv/versions/2.3.1/bin/beaker:23:in `<main>']]></failure>
      <system-out><![CDATA[LoadError: cannot load such file -- spec_helper_acceptance
/Users/eric.putnam/.rbenv/versions/2.3.1/lib/ruby/2.3.0/rubygems/core_ext/kernel_require.rb:55
/Users/eric.putnam/.rbenv/versions/2.3.1/lib/ruby/2.3.0/rubygems/core_ext/kernel_require.rb:55
/Users/eric.putnam/code/puppetlabs-stdlib/spec/acceptance/delete_at_spec.rb:2
/Users/eric.putnam/.rbenv/versions/2.3.1/lib/ruby/gems/2.3.0/gems/beaker-2.51.0/lib/beaker/test_case.rb:133
/Users/eric.putnam/.rbenv/versions/2.3.1/lib/ruby/gems/2.3.0/gems/beaker-2.51.0/lib/beaker/test_case.rb:133
/Users/eric.putnam/.rbenv/versions/2.3.1/lib/ruby/2.3.0/benchmark.rb:308
/Users/eric.putnam/.rbenv/versions/2.3.1/lib/ruby/gems/2.3.0/gems/beaker-2.51.0/lib/beaker/test_case.rb:130
/Users/eric.putnam/.rbenv/versions/2.3.1/lib/ruby/gems/2.3.0/gems/beaker-2.51.0/lib/beaker/test_suite.rb:325
/Users/eric.putnam/.rbenv/versions/2.3.1/lib/ruby/gems/2.3.0/gems/beaker-2.51.0/lib/beaker/test_suite.rb:322
/Users/eric.putnam/.rbenv/versions/2.3.1/lib/ruby/gems/2.3.0/gems/beaker-2.51.0/lib/beaker/test_suite.rb:322
/Users/eric.putnam/.rbenv/versions/2.3.1/lib/ruby/gems/2.3.0/gems/beaker-2.51.0/lib/beaker/test_suite.rb:371
/Users/eric.putnam/.rbenv/versions/2.3.1/lib/ruby/gems/2.3.0/gems/beaker-2.51.0/lib/beaker/cli.rb:174
/Users/eric.putnam/.rbenv/versions/2.3.1/lib/ruby/gems/2.3.0/gems/beaker-2.51.0/lib/beaker/cli.rb:100
/Users/eric.putnam/.rbenv/versions/2.3.1/lib/ruby/gems/2.3.0/gems/beaker-2.51.0/bin/beaker:6
/Users/eric.putnam/.rbenv/versions/2.3.1/bin/beaker:23
/Users/eric.putnam/.rbenv/versions/2.3.1/bin/beaker:23
Begin teardown
End teardown
]]></system-out>
    </testcase>
    <testcase classname="acceptance" name="delete_spec.rb" time="0.002671">
      <failure type="error" message="cannot load such file -- spec_helper_acceptance"><![CDATA[/Users/eric.putnam/.rbenv/versions/2.3.1/lib/ruby/2.3.0/rubygems/core_ext/kernel_require.rb:55:in `require'\n/Users/eric.putnam/.rbenv/versions/2.3.1/lib/ruby/2.3.0/rubygems/core_ext/kernel_require.rb:55:in `require'\nacceptance/delete_spec.rb:2:in `block in run_test'\n/Users/eric.putnam/.rbenv/versions/2.3.1/lib/ruby/gems/2.3.0/gems/beaker-2.51.0/lib/beaker/test_case.rb:133:in `eval'\n/Users/eric.putnam/.rbenv/versions/2.3.1/lib/ruby/gems/2.3.0/gems/beaker-2.51.0/lib/beaker/test_case.rb:133:in `block in run_test'\n/Users/eric.putnam/.rbenv/versions/2.3.1/lib/ruby/2.3.0/benchmark.rb:308:in `realtime'\n/Users/eric.putnam/.rbenv/versions/2.3.1/lib/ruby/gems/2.3.0/gems/beaker-2.51.0/lib/beaker/test_case.rb:130:in `run_test'\n/Users/eric.putnam/.rbenv/versions/2.3.1/lib/ruby/gems/2.3.0/gems/beaker-2.51.0/lib/beaker/test_suite.rb:325:in `block in run'\n/Users/eric.putnam/.rbenv/versions/2.3.1/lib/ruby/gems/2.3.0/gems/beaker-2.51.0/lib/beaker/test_suite.rb:322:in `each'\n/Users/eric.putnam/.rbenv/versions/2.3.1/lib/ruby/gems/2.3.0/gems/beaker-2.51.0/lib/beaker/test_suite.rb:322:in `run'\n/Users/eric.putnam/.rbenv/versions/2.3.1/lib/ruby/gems/2.3.0/gems/beaker-2.51.0/lib/beaker/test_suite.rb:371:in `run_and_raise_on_failure'\n/Users/eric.putnam/.rbenv/versions/2.3.1/lib/ruby/gems/2.3.0/gems/beaker-2.51.0/lib/beaker/cli.rb:174:in `run_suite'\n/Users/eric.putnam/.rbenv/versions/2.3.1/lib/ruby/gems/2.3.0/gems/beaker-2.51.0/lib/beaker/cli.rb:100:in `execute!'\n/Users/eric.putnam/.rbenv/versions/2.3.1/lib/ruby/gems/2.3.0/gems/beaker-2.51.0/bin/beaker:6:in `<top (required)>'\n/Users/eric.putnam/.rbenv/versions/2.3.1/bin/beaker:23:in `load'\n/Users/eric.putnam/.rbenv/versions/2.3.1/bin/beaker:23:in `<main>']]></failure>
      <system-out><![CDATA[LoadError: cannot load such file -- spec_helper_acceptance
/Users/eric.putnam/.rbenv/versions/2.3.1/lib/ruby/2.3.0/rubygems/core_ext/kernel_require.rb:55
/Users/eric.putnam/.rbenv/versions/2.3.1/lib/ruby/2.3.0/rubygems/core_ext/kernel_require.rb:55
/Users/eric.putnam/code/puppetlabs-stdlib/spec/acceptance/delete_spec.rb:2
/Users/eric.putnam/.rbenv/versions/2.3.1/lib/ruby/gems/2.3.0/gems/beaker-2.51.0/lib/beaker/test_case.rb:133
/Users/eric.putnam/.rbenv/versions/2.3.1/lib/ruby/gems/2.3.0/gems/beaker-2.51.0/lib/beaker/test_case.rb:133
/Users/eric.putnam/.rbenv/versions/2.3.1/lib/ruby/2.3.0/benchmark.rb:308
/Users/eric.putnam/.rbenv/versions/2.3.1/lib/ruby/gems/2.3.0/gems/beaker-2.51.0/lib/beaker/test_case.rb:130
/Users/eric.putnam/.rbenv/versions/2.3.1/lib/ruby/gems/2.3.0/gems/beaker-2.51.0/lib/beaker/test_suite.rb:325
/Users/eric.putnam/.rbenv/versions/2.3.1/lib/ruby/gems/2.3.0/gems/beaker-2.51.0/lib/beaker/test_suite.rb:322
/Users/eric.putnam/.rbenv/versions/2.3.1/lib/ruby/gems/2.3.0/gems/beaker-2.51.0/lib/beaker/test_suite.rb:322
/Users/eric.putnam/.rbenv/versions/2.3.1/lib/ruby/gems/2.3.0/gems/beaker-2.51.0/lib/beaker/test_suite.rb:371
/Users/eric.putnam/.rbenv/versions/2.3.1/lib/ruby/gems/2.3.0/gems/beaker-2.51.0/lib/beaker/cli.rb:174
/Users/eric.putnam/.rbenv/versions/2.3.1/lib/ruby/gems/2.3.0/gems/beaker-2.51.0/lib/beaker/cli.rb:100
/Users/eric.putnam/.rbenv/versions/2.3.1/lib/ruby/gems/2.3.0/gems/beaker-2.51.0/bin/beaker:6
/Users/eric.putnam/.rbenv/versions/2.3.1/bin/beaker:23
/Users/eric.putnam/.rbenv/versions/2.3.1/bin/beaker:23
Begin teardown
End teardown
]]></system-out>
    </testcase>
    <testcase classname="acceptance" name="delete_undef_values_spec.rb" time="0.002510">
      <failure type="error" message="cannot load such file -- spec_helper_acceptance"><![CDATA[/Users/eric.putnam/.rbenv/versions/2.3.1/lib/ruby/2.3.0/rubygems/core_ext/kernel_require.rb:55:in `require'\n/Users/eric.putnam/.rbenv/versions/2.3.1/lib/ruby/2.3.0/rubygems/core_ext/kernel_require.rb:55:in `require'\nacceptance/delete_undef_values_spec.rb:2:in `block in run_test'\n/Users/eric.putnam/.rbenv/versions/2.3.1/lib/ruby/gems/2.3.0/gems/beaker-2.51.0/lib/beaker/test_case.rb:133:in `eval'\n/Users/eric.putnam/.rbenv/versions/2.3.1/lib/ruby/gems/2.3.0/gems/beaker-2.51.0/lib/beaker/test_case.rb:133:in `block in run_test'\n/Users/eric.putnam/.rbenv/versions/2.3.1/lib/ruby/2.3.0/benchmark.rb:308:in `realtime'\n/Users/eric.putnam/.rbenv/versions/2.3.1/lib/ruby/gems/2.3.0/gems/beaker-2.51.0/lib/beaker/test_case.rb:130:in `run_test'\n/Users/eric.putnam/.rbenv/versions/2.3.1/lib/ruby/gems/2.3.0/gems/beaker-2.51.0/lib/beaker/test_suite.rb:325:in `block in run'\n/Users/eric.putnam/.rbenv/versions/2.3.1/lib/ruby/gems/2.3.0/gems/beaker-2.51.0/lib/beaker/test_suite.rb:322:in `each'\n/Users/eric.putnam/.rbenv/versions/2.3.1/lib/ruby/gems/2.3.0/gems/beaker-2.51.0/lib/beaker/test_suite.rb:322:in `run'\n/Users/eric.putnam/.rbenv/versions/2.3.1/lib/ruby/gems/2.3.0/gems/beaker-2.51.0/lib/beaker/test_suite.rb:371:in `run_and_raise_on_failure'\n/Users/eric.putnam/.rbenv/versions/2.3.1/lib/ruby/gems/2.3.0/gems/beaker-2.51.0/lib/beaker/cli.rb:174:in `run_suite'\n/Users/eric.putnam/.rbenv/versions/2.3.1/lib/ruby/gems/2.3.0/gems/beaker-2.51.0/lib/beaker/cli.rb:100:in `execute!'\n/Users/eric.putnam/.rbenv/versions/2.3.1/lib/ruby/gems/2.3.0/gems/beaker-2.51.0/bin/beaker:6:in `<top (required)>'\n/Users/eric.putnam/.rbenv/versions/2.3.1/bin/beaker:23:in `load'\n/Users/eric.putnam/.rbenv/versions/2.3.1/bin/beaker:23:in `<main>']]></failure>
      <system-out><![CDATA[LoadError: cannot load such file -- spec_helper_acceptance
/Users/eric.putnam/.rbenv/versions/2.3.1/lib/ruby/2.3.0/rubygems/core_ext/kernel_require.rb:55
/Users/eric.putnam/.rbenv/versions/2.3.1/lib/ruby/2.3.0/rubygems/core_ext/kernel_require.rb:55
/Users/eric.putnam/code/puppetlabs-stdlib/spec/acceptance/delete_undef_values_spec.rb:2
/Users/eric.putnam/.rbenv/versions/2.3.1/lib/ruby/gems/2.3.0/gems/beaker-2.51.0/lib/beaker/test_case.rb:133
/Users/eric.putnam/.rbenv/versions/2.3.1/lib/ruby/gems/2.3.0/gems/beaker-2.51.0/lib/beaker/test_case.rb:133
/Users/eric.putnam/.rbenv/versions/2.3.1/lib/ruby/2.3.0/benchmark.rb:308
/Users/eric.putnam/.rbenv/versions/2.3.1/lib/ruby/gems/2.3.0/gems/beaker-2.51.0/lib/beaker/test_case.rb:130
/Users/eric.putnam/.rbenv/versions/2.3.1/lib/ruby/gems/2.3.0/gems/beaker-2.51.0/lib/beaker/test_suite.rb:325
/Users/eric.putnam/.rbenv/versions/2.3.1/lib/ruby/gems/2.3.0/gems/beaker-2.51.0/lib/beaker/test_suite.rb:322
/Users/eric.putnam/.rbenv/versions/2.3.1/lib/ruby/gems/2.3.0/gems/beaker-2.51.0/lib/beaker/test_suite.rb:322
/Users/eric.putnam/.rbenv/versions/2.3.1/lib/ruby/gems/2.3.0/gems/beaker-2.51.0/lib/beaker/test_suite.rb:371
/Users/eric.putnam/.rbenv/versions/2.3.1/lib/ruby/gems/2.3.0/gems/beaker-2.51.0/lib/beaker/cli.rb:174
/Users/eric.putnam/.rbenv/versions/2.3.1/lib/ruby/gems/2.3.0/gems/beaker-2.51.0/lib/beaker/cli.rb:100
/Users/eric.putnam/.rbenv/versions/2.3.1/lib/ruby/gems/2.3.0/gems/beaker-2.51.0/bin/beaker:6
/Users/eric.putnam/.rbenv/versions/2.3.1/bin/beaker:23
/Users/eric.putnam/.rbenv/versions/2.3.1/bin/beaker:23
Begin teardown
End teardown
]]></system-out>
    </testcase>
    <testcase classname="acceptance" name="delete_values_spec.rb" time="0.002684">
      <failure type="error" message="cannot load such file -- spec_helper_acceptance"><![CDATA[/Users/eric.putnam/.rbenv/versions/2.3.1/lib/ruby/2.3.0/rubygems/core_ext/kernel_require.rb:55:in `require'\n/Users/eric.putnam/.rbenv/versions/2.3.1/lib/ruby/2.3.0/rubygems/core_ext/kernel_require.rb:55:in `require'\nacceptance/delete_values_spec.rb:2:in `block in run_test'\n/Users/eric.putnam/.rbenv/versions/2.3.1/lib/ruby/gems/2.3.0/gems/beaker-2.51.0/lib/beaker/test_case.rb:133:in `eval'\n/Users/eric.putnam/.rbenv/versions/2.3.1/lib/ruby/gems/2.3.0/gems/beaker-2.51.0/lib/beaker/test_case.rb:133:in `block in run_test'\n/Users/eric.putnam/.rbenv/versions/2.3.1/lib/ruby/2.3.0/benchmark.rb:308:in `realtime'\n/Users/eric.putnam/.rbenv/versions/2.3.1/lib/ruby/gems/2.3.0/gems/beaker-2.51.0/lib/beaker/test_case.rb:130:in `run_test'\n/Users/eric.putnam/.rbenv/versions/2.3.1/lib/ruby/gems/2.3.0/gems/beaker-2.51.0/lib/beaker/test_suite.rb:325:in `block in run'\n/Users/eric.putnam/.rbenv/versions/2.3.1/lib/ruby/gems/2.3.0/gems/beaker-2.51.0/lib/beaker/test_suite.rb:322:in `each'\n/Users/eric.putnam/.rbenv/versions/2.3.1/lib/ruby/gems/2.3.0/gems/beaker-2.51.0/lib/beaker/test_suite.rb:322:in `run'\n/Users/eric.putnam/.rbenv/versions/2.3.1/lib/ruby/gems/2.3.0/gems/beaker-2.51.0/lib/beaker/test_suite.rb:371:in `run_and_raise_on_failure'\n/Users/eric.putnam/.rbenv/versions/2.3.1/lib/ruby/gems/2.3.0/gems/beaker-2.51.0/lib/beaker/cli.rb:174:in `run_suite'\n/Users/eric.putnam/.rbenv/versions/2.3.1/lib/ruby/gems/2.3.0/gems/beaker-2.51.0/lib/beaker/cli.rb:100:in `execute!'\n/Users/eric.putnam/.rbenv/versions/2.3.1/lib/ruby/gems/2.3.0/gems/beaker-2.51.0/bin/beaker:6:in `<top (required)>'\n/Users/eric.putnam/.rbenv/versions/2.3.1/bin/beaker:23:in `load'\n/Users/eric.putnam/.rbenv/versions/2.3.1/bin/beaker:23:in `<main>']]></failure>
      <system-out><![CDATA[LoadError: cannot load such file -- spec_helper_acceptance
/Users/eric.putnam/.rbenv/versions/2.3.1/lib/ruby/2.3.0/rubygems/core_ext/kernel_require.rb:55
/Users/eric.putnam/.rbenv/versions/2.3.1/lib/ruby/2.3.0/rubygems/core_ext/kernel_require.rb:55
/Users/eric.putnam/code/puppetlabs-stdlib/spec/acceptance/delete_values_spec.rb:2
/Users/eric.putnam/.rbenv/versions/2.3.1/lib/ruby/gems/2.3.0/gems/beaker-2.51.0/lib/beaker/test_case.rb:133
/Users/eric.putnam/.rbenv/versions/2.3.1/lib/ruby/gems/2.3.0/gems/beaker-2.51.0/lib/beaker/test_case.rb:133
/Users/eric.putnam/.rbenv/versions/2.3.1/lib/ruby/2.3.0/benchmark.rb:308
/Users/eric.putnam/.rbenv/versions/2.3.1/lib/ruby/gems/2.3.0/gems/beaker-2.51.0/lib/beaker/test_case.rb:130
/Users/eric.putnam/.rbenv/versions/2.3.1/lib/ruby/gems/2.3.0/gems/beaker-2.51.0/lib/beaker/test_suite.rb:325
/Users/eric.putnam/.rbenv/versions/2.3.1/lib/ruby/gems/2.3.0/gems/beaker-2.51.0/lib/beaker/test_suite.rb:322
/Users/eric.putnam/.rbenv/versions/2.3.1/lib/ruby/gems/2.3.0/gems/beaker-2.51.0/lib/beaker/test_suite.rb:322
/Users/eric.putnam/.rbenv/versions/2.3.1/lib/ruby/gems/2.3.0/gems/beaker-2.51.0/lib/beaker/test_suite.rb:371
/Users/eric.putnam/.rbenv/versions/2.3.1/lib/ruby/gems/2.3.0/gems/beaker-2.51.0/lib/beaker/cli.rb:174
/Users/eric.putnam/.rbenv/versions/2.3.1/lib/ruby/gems/2.3.0/gems/beaker-2.51.0/lib/beaker/cli.rb:100
/Users/eric.putnam/.rbenv/versions/2.3.1/lib/ruby/gems/2.3.0/gems/beaker-2.51.0/bin/beaker:6
/Users/eric.putnam/.rbenv/versions/2.3.1/bin/beaker:23
/Users/eric.putnam/.rbenv/versions/2.3.1/bin/beaker:23
Begin teardown
End teardown
]]></system-out>
    </testcase>
    <testcase classname="acceptance" name="deprecation_spec.rb" time="0.012653">
      <failure type="error" message="cannot load such file -- spec_helper_acceptance"><![CDATA[/Users/eric.putnam/.rbenv/versions/2.3.1/lib/ruby/2.3.0/rubygems/core_ext/kernel_require.rb:55:in `require'\n/Users/eric.putnam/.rbenv/versions/2.3.1/lib/ruby/2.3.0/rubygems/core_ext/kernel_require.rb:55:in `require'\nacceptance/deprecation_spec.rb:2:in `block in run_test'\n/Users/eric.putnam/.rbenv/versions/2.3.1/lib/ruby/gems/2.3.0/gems/beaker-2.51.0/lib/beaker/test_case.rb:133:in `eval'\n/Users/eric.putnam/.rbenv/versions/2.3.1/lib/ruby/gems/2.3.0/gems/beaker-2.51.0/lib/beaker/test_case.rb:133:in `block in run_test'\n/Users/eric.putnam/.rbenv/versions/2.3.1/lib/ruby/2.3.0/benchmark.rb:308:in `realtime'\n/Users/eric.putnam/.rbenv/versions/2.3.1/lib/ruby/gems/2.3.0/gems/beaker-2.51.0/lib/beaker/test_case.rb:130:in `run_test'\n/Users/eric.putnam/.rbenv/versions/2.3.1/lib/ruby/gems/2.3.0/gems/beaker-2.51.0/lib/beaker/test_suite.rb:325:in `block in run'\n/Users/eric.putnam/.rbenv/versions/2.3.1/lib/ruby/gems/2.3.0/gems/beaker-2.51.0/lib/beaker/test_suite.rb:322:in `each'\n/Users/eric.putnam/.rbenv/versions/2.3.1/lib/ruby/gems/2.3.0/gems/beaker-2.51.0/lib/beaker/test_suite.rb:322:in `run'\n/Users/eric.putnam/.rbenv/versions/2.3.1/lib/ruby/gems/2.3.0/gems/beaker-2.51.0/lib/beaker/test_suite.rb:371:in `run_and_raise_on_failure'\n/Users/eric.putnam/.rbenv/versions/2.3.1/lib/ruby/gems/2.3.0/gems/beaker-2.51.0/lib/beaker/cli.rb:174:in `run_suite'\n/Users/eric.putnam/.rbenv/versions/2.3.1/lib/ruby/gems/2.3.0/gems/beaker-2.51.0/lib/beaker/cli.rb:100:in `execute!'\n/Users/eric.putnam/.rbenv/versions/2.3.1/lib/ruby/gems/2.3.0/gems/beaker-2.51.0/bin/beaker:6:in `<top (required)>'\n/Users/eric.putnam/.rbenv/versions/2.3.1/bin/beaker:23:in `load'\n/Users/eric.putnam/.rbenv/versions/2.3.1/bin/beaker:23:in `<main>']]></failure>
      <system-out><![CDATA[LoadError: cannot load such file -- spec_helper_acceptance
/Users/eric.putnam/.rbenv/versions/2.3.1/lib/ruby/2.3.0/rubygems/core_ext/kernel_require.rb:55
/Users/eric.putnam/.rbenv/versions/2.3.1/lib/ruby/2.3.0/rubygems/core_ext/kernel_require.rb:55
/Users/eric.putnam/code/puppetlabs-stdlib/spec/acceptance/deprecation_spec.rb:2
/Users/eric.putnam/.rbenv/versions/2.3.1/lib/ruby/gems/2.3.0/gems/beaker-2.51.0/lib/beaker/test_case.rb:133
/Users/eric.putnam/.rbenv/versions/2.3.1/lib/ruby/gems/2.3.0/gems/beaker-2.51.0/lib/beaker/test_case.rb:133
/Users/eric.putnam/.rbenv/versions/2.3.1/lib/ruby/2.3.0/benchmark.rb:308
/Users/eric.putnam/.rbenv/versions/2.3.1/lib/ruby/gems/2.3.0/gems/beaker-2.51.0/lib/beaker/test_case.rb:130
/Users/eric.putnam/.rbenv/versions/2.3.1/lib/ruby/gems/2.3.0/gems/beaker-2.51.0/lib/beaker/test_suite.rb:325
/Users/eric.putnam/.rbenv/versions/2.3.1/lib/ruby/gems/2.3.0/gems/beaker-2.51.0/lib/beaker/test_suite.rb:322
/Users/eric.putnam/.rbenv/versions/2.3.1/lib/ruby/gems/2.3.0/gems/beaker-2.51.0/lib/beaker/test_suite.rb:322
/Users/eric.putnam/.rbenv/versions/2.3.1/lib/ruby/gems/2.3.0/gems/beaker-2.51.0/lib/beaker/test_suite.rb:371
/Users/eric.putnam/.rbenv/versions/2.3.1/lib/ruby/gems/2.3.0/gems/beaker-2.51.0/lib/beaker/cli.rb:174
/Users/eric.putnam/.rbenv/versions/2.3.1/lib/ruby/gems/2.3.0/gems/beaker-2.51.0/lib/beaker/cli.rb:100
/Users/eric.putnam/.rbenv/versions/2.3.1/lib/ruby/gems/2.3.0/gems/beaker-2.51.0/bin/beaker:6
/Users/eric.putnam/.rbenv/versions/2.3.1/bin/beaker:23
/Users/eric.putnam/.rbenv/versions/2.3.1/bin/beaker:23
Begin teardown
End teardown
]]></system-out>
    </testcase>
    <testcase classname="acceptance" name="difference_spec.rb" time="0.002847">
      <failure type="error" message="cannot load such file -- spec_helper_acceptance"><![CDATA[/Users/eric.putnam/.rbenv/versions/2.3.1/lib/ruby/2.3.0/rubygems/core_ext/kernel_require.rb:55:in `require'\n/Users/eric.putnam/.rbenv/versions/2.3.1/lib/ruby/2.3.0/rubygems/core_ext/kernel_require.rb:55:in `require'\nacceptance/difference_spec.rb:2:in `block in run_test'\n/Users/eric.putnam/.rbenv/versions/2.3.1/lib/ruby/gems/2.3.0/gems/beaker-2.51.0/lib/beaker/test_case.rb:133:in `eval'\n/Users/eric.putnam/.rbenv/versions/2.3.1/lib/ruby/gems/2.3.0/gems/beaker-2.51.0/lib/beaker/test_case.rb:133:in `block in run_test'\n/Users/eric.putnam/.rbenv/versions/2.3.1/lib/ruby/2.3.0/benchmark.rb:308:in `realtime'\n/Users/eric.putnam/.rbenv/versions/2.3.1/lib/ruby/gems/2.3.0/gems/beaker-2.51.0/lib/beaker/test_case.rb:130:in `run_test'\n/Users/eric.putnam/.rbenv/versions/2.3.1/lib/ruby/gems/2.3.0/gems/beaker-2.51.0/lib/beaker/test_suite.rb:325:in `block in run'\n/Users/eric.putnam/.rbenv/versions/2.3.1/lib/ruby/gems/2.3.0/gems/beaker-2.51.0/lib/beaker/test_suite.rb:322:in `each'\n/Users/eric.putnam/.rbenv/versions/2.3.1/lib/ruby/gems/2.3.0/gems/beaker-2.51.0/lib/beaker/test_suite.rb:322:in `run'\n/Users/eric.putnam/.rbenv/versions/2.3.1/lib/ruby/gems/2.3.0/gems/beaker-2.51.0/lib/beaker/test_suite.rb:371:in `run_and_raise_on_failure'\n/Users/eric.putnam/.rbenv/versions/2.3.1/lib/ruby/gems/2.3.0/gems/beaker-2.51.0/lib/beaker/cli.rb:174:in `run_suite'\n/Users/eric.putnam/.rbenv/versions/2.3.1/lib/ruby/gems/2.3.0/gems/beaker-2.51.0/lib/beaker/cli.rb:100:in `execute!'\n/Users/eric.putnam/.rbenv/versions/2.3.1/lib/ruby/gems/2.3.0/gems/beaker-2.51.0/bin/beaker:6:in `<top (required)>'\n/Users/eric.putnam/.rbenv/versions/2.3.1/bin/beaker:23:in `load'\n/Users/eric.putnam/.rbenv/versions/2.3.1/bin/beaker:23:in `<main>']]></failure>
      <system-out><![CDATA[LoadError: cannot load such file -- spec_helper_acceptance
/Users/eric.putnam/.rbenv/versions/2.3.1/lib/ruby/2.3.0/rubygems/core_ext/kernel_require.rb:55
/Users/eric.putnam/.rbenv/versions/2.3.1/lib/ruby/2.3.0/rubygems/core_ext/kernel_require.rb:55
/Users/eric.putnam/code/puppetlabs-stdlib/spec/acceptance/difference_spec.rb:2
/Users/eric.putnam/.rbenv/versions/2.3.1/lib/ruby/gems/2.3.0/gems/beaker-2.51.0/lib/beaker/test_case.rb:133
/Users/eric.putnam/.rbenv/versions/2.3.1/lib/ruby/gems/2.3.0/gems/beaker-2.51.0/lib/beaker/test_case.rb:133
/Users/eric.putnam/.rbenv/versions/2.3.1/lib/ruby/2.3.0/benchmark.rb:308
/Users/eric.putnam/.rbenv/versions/2.3.1/lib/ruby/gems/2.3.0/gems/beaker-2.51.0/lib/beaker/test_case.rb:130
/Users/eric.putnam/.rbenv/versions/2.3.1/lib/ruby/gems/2.3.0/gems/beaker-2.51.0/lib/beaker/test_suite.rb:325
/Users/eric.putnam/.rbenv/versions/2.3.1/lib/ruby/gems/2.3.0/gems/beaker-2.51.0/lib/beaker/test_suite.rb:322
/Users/eric.putnam/.rbenv/versions/2.3.1/lib/ruby/gems/2.3.0/gems/beaker-2.51.0/lib/beaker/test_suite.rb:322
/Users/eric.putnam/.rbenv/versions/2.3.1/lib/ruby/gems/2.3.0/gems/beaker-2.51.0/lib/beaker/test_suite.rb:371
/Users/eric.putnam/.rbenv/versions/2.3.1/lib/ruby/gems/2.3.0/gems/beaker-2.51.0/lib/beaker/cli.rb:174
/Users/eric.putnam/.rbenv/versions/2.3.1/lib/ruby/gems/2.3.0/gems/beaker-2.51.0/lib/beaker/cli.rb:100
/Users/eric.putnam/.rbenv/versions/2.3.1/lib/ruby/gems/2.3.0/gems/beaker-2.51.0/bin/beaker:6
/Users/eric.putnam/.rbenv/versions/2.3.1/bin/beaker:23
/Users/eric.putnam/.rbenv/versions/2.3.1/bin/beaker:23
Begin teardown
End teardown
]]></system-out>
    </testcase>
    <testcase classname="acceptance" name="dirname_spec.rb" time="0.002642">
      <failure type="error" message="cannot load such file -- spec_helper_acceptance"><![CDATA[/Users/eric.putnam/.rbenv/versions/2.3.1/lib/ruby/2.3.0/rubygems/core_ext/kernel_require.rb:55:in `require'\n/Users/eric.putnam/.rbenv/versions/2.3.1/lib/ruby/2.3.0/rubygems/core_ext/kernel_require.rb:55:in `require'\nacceptance/dirname_spec.rb:2:in `block in run_test'\n/Users/eric.putnam/.rbenv/versions/2.3.1/lib/ruby/gems/2.3.0/gems/beaker-2.51.0/lib/beaker/test_case.rb:133:in `eval'\n/Users/eric.putnam/.rbenv/versions/2.3.1/lib/ruby/gems/2.3.0/gems/beaker-2.51.0/lib/beaker/test_case.rb:133:in `block in run_test'\n/Users/eric.putnam/.rbenv/versions/2.3.1/lib/ruby/2.3.0/benchmark.rb:308:in `realtime'\n/Users/eric.putnam/.rbenv/versions/2.3.1/lib/ruby/gems/2.3.0/gems/beaker-2.51.0/lib/beaker/test_case.rb:130:in `run_test'\n/Users/eric.putnam/.rbenv/versions/2.3.1/lib/ruby/gems/2.3.0/gems/beaker-2.51.0/lib/beaker/test_suite.rb:325:in `block in run'\n/Users/eric.putnam/.rbenv/versions/2.3.1/lib/ruby/gems/2.3.0/gems/beaker-2.51.0/lib/beaker/test_suite.rb:322:in `each'\n/Users/eric.putnam/.rbenv/versions/2.3.1/lib/ruby/gems/2.3.0/gems/beaker-2.51.0/lib/beaker/test_suite.rb:322:in `run'\n/Users/eric.putnam/.rbenv/versions/2.3.1/lib/ruby/gems/2.3.0/gems/beaker-2.51.0/lib/beaker/test_suite.rb:371:in `run_and_raise_on_failure'\n/Users/eric.putnam/.rbenv/versions/2.3.1/lib/ruby/gems/2.3.0/gems/beaker-2.51.0/lib/beaker/cli.rb:174:in `run_suite'\n/Users/eric.putnam/.rbenv/versions/2.3.1/lib/ruby/gems/2.3.0/gems/beaker-2.51.0/lib/beaker/cli.rb:100:in `execute!'\n/Users/eric.putnam/.rbenv/versions/2.3.1/lib/ruby/gems/2.3.0/gems/beaker-2.51.0/bin/beaker:6:in `<top (required)>'\n/Users/eric.putnam/.rbenv/versions/2.3.1/bin/beaker:23:in `load'\n/Users/eric.putnam/.rbenv/versions/2.3.1/bin/beaker:23:in `<main>']]></failure>
      <system-out><![CDATA[LoadError: cannot load such file -- spec_helper_acceptance
/Users/eric.putnam/.rbenv/versions/2.3.1/lib/ruby/2.3.0/rubygems/core_ext/kernel_require.rb:55
/Users/eric.putnam/.rbenv/versions/2.3.1/lib/ruby/2.3.0/rubygems/core_ext/kernel_require.rb:55
/Users/eric.putnam/code/puppetlabs-stdlib/spec/acceptance/dirname_spec.rb:2
/Users/eric.putnam/.rbenv/versions/2.3.1/lib/ruby/gems/2.3.0/gems/beaker-2.51.0/lib/beaker/test_case.rb:133
/Users/eric.putnam/.rbenv/versions/2.3.1/lib/ruby/gems/2.3.0/gems/beaker-2.51.0/lib/beaker/test_case.rb:133
/Users/eric.putnam/.rbenv/versions/2.3.1/lib/ruby/2.3.0/benchmark.rb:308
/Users/eric.putnam/.rbenv/versions/2.3.1/lib/ruby/gems/2.3.0/gems/beaker-2.51.0/lib/beaker/test_case.rb:130
/Users/eric.putnam/.rbenv/versions/2.3.1/lib/ruby/gems/2.3.0/gems/beaker-2.51.0/lib/beaker/test_suite.rb:325
/Users/eric.putnam/.rbenv/versions/2.3.1/lib/ruby/gems/2.3.0/gems/beaker-2.51.0/lib/beaker/test_suite.rb:322
/Users/eric.putnam/.rbenv/versions/2.3.1/lib/ruby/gems/2.3.0/gems/beaker-2.51.0/lib/beaker/test_suite.rb:322
/Users/eric.putnam/.rbenv/versions/2.3.1/lib/ruby/gems/2.3.0/gems/beaker-2.51.0/lib/beaker/test_suite.rb:371
/Users/eric.putnam/.rbenv/versions/2.3.1/lib/ruby/gems/2.3.0/gems/beaker-2.51.0/lib/beaker/cli.rb:174
/Users/eric.putnam/.rbenv/versions/2.3.1/lib/ruby/gems/2.3.0/gems/beaker-2.51.0/lib/beaker/cli.rb:100
/Users/eric.putnam/.rbenv/versions/2.3.1/lib/ruby/gems/2.3.0/gems/beaker-2.51.0/bin/beaker:6
/Users/eric.putnam/.rbenv/versions/2.3.1/bin/beaker:23
/Users/eric.putnam/.rbenv/versions/2.3.1/bin/beaker:23
Begin teardown
End teardown
]]></system-out>
    </testcase>
    <testcase classname="acceptance" name="downcase_spec.rb" time="0.002756">
[...]
      <system-out><![CDATA[LoadError: cannot load such file -- spec_helper_acceptance
/Users/eric.putnam/.rbenv/versions/2.3.1/lib/ruby/2.3.0/rubygems/core_ext/kernel_require.rb:55
/Users/eric.putnam/.rbenv/versions/2.3.1/lib/ruby/2.3.0/rubygems/core_ext/kernel_require.rb:55
/Users/eric.putnam/code/puppetlabs-stdlib/spec/acceptance/validate_re_spec.rb:2
/Users/eric.putnam/.rbenv/versions/2.3.1/lib/ruby/gems/2.3.0/gems/beaker-2.51.0/lib/beaker/test_case.rb:133
/Users/eric.putnam/.rbenv/versions/2.3.1/lib/ruby/gems/2.3.0/gems/beaker-2.51.0/lib/beaker/test_case.rb:133
/Users/eric.putnam/.rbenv/versions/2.3.1/lib/ruby/2.3.0/benchmark.rb:308
/Users/eric.putnam/.rbenv/versions/2.3.1/lib/ruby/gems/2.3.0/gems/beaker-2.51.0/lib/beaker/test_case.rb:130
/Users/eric.putnam/.rbenv/versions/2.3.1/lib/ruby/gems/2.3.0/gems/beaker-2.51.0/lib/beaker/test_suite.rb:325
/Users/eric.putnam/.rbenv/versions/2.3.1/lib/ruby/gems/2.3.0/gems/beaker-2.51.0/lib/beaker/test_suite.rb:322
/Users/eric.putnam/.rbenv/versions/2.3.1/lib/ruby/gems/2.3.0/gems/beaker-2.51.0/lib/beaker/test_suite.rb:322
/Users/eric.putnam/.rbenv/versions/2.3.1/lib/ruby/gems/2.3.0/gems/beaker-2.51.0/lib/beaker/test_suite.rb:371
/Users/eric.putnam/.rbenv/versions/2.3.1/lib/ruby/gems/2.3.0/gems/beaker-2.51.0/lib/beaker/cli.rb:174
/Users/eric.putnam/.rbenv/versions/2.3.1/lib/ruby/gems/2.3.0/gems/beaker-2.51.0/lib/beaker/cli.rb:100
/Users/eric.putnam/.rbenv/versions/2.3.1/lib/ruby/gems/2.3.0/gems/beaker-2.51.0/bin/beaker:6
/Users/eric.putnam/.rbenv/versions/2.3.1/bin/beaker:23
/Users/eric.putnam/.rbenv/versions/2.3.1/bin/beaker:23
Begin teardown
End teardown
]]></system-out>
    </testcase>
    <testcase classname="acceptance" name="validate_slength_spec.rb" time="0.002595">
      <failure type="error" message="cannot load such file -- spec_helper_acceptance"><![CDATA[/Users/eric.putnam/.rbenv/versions/2.3.1/lib/ruby/2.3.0/rubygems/core_ext/kernel_require.rb:55:in `require'\n/Users/eric.putnam/.rbenv/versions/2.3.1/lib/ruby/2.3.0/rubygems/core_ext/kernel_require.rb:55:in `require'\nacceptance/validate_slength_spec.rb:2:in `block in run_test'\n/Users/eric.putnam/.rbenv/versions/2.3.1/lib/ruby/gems/2.3.0/gems/beaker-2.51.0/lib/beaker/test_case.rb:133:in `eval'\n/Users/eric.putnam/.rbenv/versions/2.3.1/lib/ruby/gems/2.3.0/gems/beaker-2.51.0/lib/beaker/test_case.rb:133:in `block in run_test'\n/Users/eric.putnam/.rbenv/versions/2.3.1/lib/ruby/2.3.0/benchmark.rb:308:in `realtime'\n/Users/eric.putnam/.rbenv/versions/2.3.1/lib/ruby/gems/2.3.0/gems/beaker-2.51.0/lib/beaker/test_case.rb:130:in `run_test'\n/Users/eric.putnam/.rbenv/versions/2.3.1/lib/ruby/gems/2.3.0/gems/beaker-2.51.0/lib/beaker/test_suite.rb:325:in `block in run'\n/Users/eric.putnam/.rbenv/versions/2.3.1/lib/ruby/gems/2.3.0/gems/beaker-2.51.0/lib/beaker/test_suite.rb:322:in `each'\n/Users/eric.putnam/.rbenv/versions/2.3.1/lib/ruby/gems/2.3.0/gems/beaker-2.51.0/lib/beaker/test_suite.rb:322:in `run'\n/Users/eric.putnam/.rbenv/versions/2.3.1/lib/ruby/gems/2.3.0/gems/beaker-2.51.0/lib/beaker/test_suite.rb:371:in `run_and_raise_on_failure'\n/Users/eric.putnam/.rbenv/versions/2.3.1/lib/ruby/gems/2.3.0/gems/beaker-2.51.0/lib/beaker/cli.rb:174:in `run_suite'\n/Users/eric.putnam/.rbenv/versions/2.3.1/lib/ruby/gems/2.3.0/gems/beaker-2.51.0/lib/beaker/cli.rb:100:in `execute!'\n/Users/eric.putnam/.rbenv/versions/2.3.1/lib/ruby/gems/2.3.0/gems/beaker-2.51.0/bin/beaker:6:in `<top (required)>'\n/Users/eric.putnam/.rbenv/versions/2.3.1/bin/beaker:23:in `load'\n/Users/eric.putnam/.rbenv/versions/2.3.1/bin/beaker:23:in `<main>']]></failure>
      <system-out><![CDATA[LoadError: cannot load such file -- spec_helper_acceptance
/Users/eric.putnam/.rbenv/versions/2.3.1/lib/ruby/2.3.0/rubygems/core_ext/kernel_require.rb:55
/Users/eric.putnam/.rbenv/versions/2.3.1/lib/ruby/2.3.0/rubygems/core_ext/kernel_require.rb:55
/Users/eric.putnam/code/puppetlabs-stdlib/spec/acceptance/validate_slength_spec.rb:2
/Users/eric.putnam/.rbenv/versions/2.3.1/lib/ruby/gems/2.3.0/gems/beaker-2.51.0/lib/beaker/test_case.rb:133
/Users/eric.putnam/.rbenv/versions/2.3.1/lib/ruby/gems/2.3.0/gems/beaker-2.51.0/lib/beaker/test_case.rb:133
/Users/eric.putnam/.rbenv/versions/2.3.1/lib/ruby/2.3.0/benchmark.rb:308
/Users/eric.putnam/.rbenv/versions/2.3.1/lib/ruby/gems/2.3.0/gems/beaker-2.51.0/lib/beaker/test_case.rb:130
/Users/eric.putnam/.rbenv/versions/2.3.1/lib/ruby/gems/2.3.0/gems/beaker-2.51.0/lib/beaker/test_suite.rb:325
/Users/eric.putnam/.rbenv/versions/2.3.1/lib/ruby/gems/2.3.0/gems/beaker-2.51.0/lib/beaker/test_suite.rb:322
/Users/eric.putnam/.rbenv/versions/2.3.1/lib/ruby/gems/2.3.0/gems/beaker-2.51.0/lib/beaker/test_suite.rb:322
/Users/eric.putnam/.rbenv/versions/2.3.1/lib/ruby/gems/2.3.0/gems/beaker-2.51.0/lib/beaker/test_suite.rb:371
/Users/eric.putnam/.rbenv/versions/2.3.1/lib/ruby/gems/2.3.0/gems/beaker-2.51.0/lib/beaker/cli.rb:174
/Users/eric.putnam/.rbenv/versions/2.3.1/lib/ruby/gems/2.3.0/gems/beaker-2.51.0/lib/beaker/cli.rb:100
/Users/eric.putnam/.rbenv/versions/2.3.1/lib/ruby/gems/2.3.0/gems/beaker-2.51.0/bin/beaker:6
/Users/eric.putnam/.rbenv/versions/2.3.1/bin/beaker:23
/Users/eric.putnam/.rbenv/versions/2.3.1/bin/beaker:23
Begin teardown
End teardown
]]></system-out>
    </testcase>
    <testcase classname="acceptance" name="validate_string_spec.rb" time="0.002524">
      <failure type="error" message="cannot load such file -- spec_helper_acceptance"><![CDATA[/Users/eric.putnam/.rbenv/versions/2.3.1/lib/ruby/2.3.0/rubygems/core_ext/kernel_require.rb:55:in `require'\n/Users/eric.putnam/.rbenv/versions/2.3.1/lib/ruby/2.3.0/rubygems/core_ext/kernel_require.rb:55:in `require'\nacceptance/validate_string_spec.rb:2:in `block in run_test'\n/Users/eric.putnam/.rbenv/versions/2.3.1/lib/ruby/gems/2.3.0/gems/beaker-2.51.0/lib/beaker/test_case.rb:133:in `eval'\n/Users/eric.putnam/.rbenv/versions/2.3.1/lib/ruby/gems/2.3.0/gems/beaker-2.51.0/lib/beaker/test_case.rb:133:in `block in run_test'\n/Users/eric.putnam/.rbenv/versions/2.3.1/lib/ruby/2.3.0/benchmark.rb:308:in `realtime'\n/Users/eric.putnam/.rbenv/versions/2.3.1/lib/ruby/gems/2.3.0/gems/beaker-2.51.0/lib/beaker/test_case.rb:130:in `run_test'\n/Users/eric.putnam/.rbenv/versions/2.3.1/lib/ruby/gems/2.3.0/gems/beaker-2.51.0/lib/beaker/test_suite.rb:325:in `block in run'\n/Users/eric.putnam/.rbenv/versions/2.3.1/lib/ruby/gems/2.3.0/gems/beaker-2.51.0/lib/beaker/test_suite.rb:322:in `each'\n/Users/eric.putnam/.rbenv/versions/2.3.1/lib/ruby/gems/2.3.0/gems/beaker-2.51.0/lib/beaker/test_suite.rb:322:in `run'\n/Users/eric.putnam/.rbenv/versions/2.3.1/lib/ruby/gems/2.3.0/gems/beaker-2.51.0/lib/beaker/test_suite.rb:371:in `run_and_raise_on_failure'\n/Users/eric.putnam/.rbenv/versions/2.3.1/lib/ruby/gems/2.3.0/gems/beaker-2.51.0/lib/beaker/cli.rb:174:in `run_suite'\n/Users/eric.putnam/.rbenv/versions/2.3.1/lib/ruby/gems/2.3.0/gems/beaker-2.51.0/lib/beaker/cli.rb:100:in `execute!'\n/Users/eric.putnam/.rbenv/versions/2.3.1/lib/ruby/gems/2.3.0/gems/beaker-2.51.0/bin/beaker:6:in `<top (required)>'\n/Users/eric.putnam/.rbenv/versions/2.3.1/bin/beaker:23:in `load'\n/Users/eric.putnam/.rbenv/versions/2.3.1/bin/beaker:23:in `<main>']]></failure>
      <system-out><![CDATA[LoadError: cannot load such file -- spec_helper_acceptance
/Users/eric.putnam/.rbenv/versions/2.3.1/lib/ruby/2.3.0/rubygems/core_ext/kernel_require.rb:55
/Users/eric.putnam/.rbenv/versions/2.3.1/lib/ruby/2.3.0/rubygems/core_ext/kernel_require.rb:55
/Users/eric.putnam/code/puppetlabs-stdlib/spec/acceptance/validate_string_spec.rb:2
/Users/eric.putnam/.rbenv/versions/2.3.1/lib/ruby/gems/2.3.0/gems/beaker-2.51.0/lib/beaker/test_case.rb:133
/Users/eric.putnam/.rbenv/versions/2.3.1/lib/ruby/gems/2.3.0/gems/beaker-2.51.0/lib/beaker/test_case.rb:133
/Users/eric.putnam/.rbenv/versions/2.3.1/lib/ruby/2.3.0/benchmark.rb:308
/Users/eric.putnam/.rbenv/versions/2.3.1/lib/ruby/gems/2.3.0/gems/beaker-2.51.0/lib/beaker/test_case.rb:130
/Users/eric.putnam/.rbenv/versions/2.3.1/lib/ruby/gems/2.3.0/gems/beaker-2.51.0/lib/beaker/test_suite.rb:325
/Users/eric.putnam/.rbenv/versions/2.3.1/lib/ruby/gems/2.3.0/gems/beaker-2.51.0/lib/beaker/test_suite.rb:322
/Users/eric.putnam/.rbenv/versions/2.3.1/lib/ruby/gems/2.3.0/gems/beaker-2.51.0/lib/beaker/test_suite.rb:322
/Users/eric.putnam/.rbenv/versions/2.3.1/lib/ruby/gems/2.3.0/gems/beaker-2.51.0/lib/beaker/test_suite.rb:371
/Users/eric.putnam/.rbenv/versions/2.3.1/lib/ruby/gems/2.3.0/gems/beaker-2.51.0/lib/beaker/cli.rb:174
/Users/eric.putnam/.rbenv/versions/2.3.1/lib/ruby/gems/2.3.0/gems/beaker-2.51.0/lib/beaker/cli.rb:100
/Users/eric.putnam/.rbenv/versions/2.3.1/lib/ruby/gems/2.3.0/gems/beaker-2.51.0/bin/beaker:6
/Users/eric.putnam/.rbenv/versions/2.3.1/bin/beaker:23
/Users/eric.putnam/.rbenv/versions/2.3.1/bin/beaker:23
Begin teardown
End teardown
]]></system-out>
    </testcase>
    <testcase classname="acceptance" name="values_at_spec.rb" time="0.002689">
      <failure type="error" message="cannot load such file -- spec_helper_acceptance"><![CDATA[/Users/eric.putnam/.rbenv/versions/2.3.1/lib/ruby/2.3.0/rubygems/core_ext/kernel_require.rb:55:in `require'\n/Users/eric.putnam/.rbenv/versions/2.3.1/lib/ruby/2.3.0/rubygems/core_ext/kernel_require.rb:55:in `require'\nacceptance/values_at_spec.rb:2:in `block in run_test'\n/Users/eric.putnam/.rbenv/versions/2.3.1/lib/ruby/gems/2.3.0/gems/beaker-2.51.0/lib/beaker/test_case.rb:133:in `eval'\n/Users/eric.putnam/.rbenv/versions/2.3.1/lib/ruby/gems/2.3.0/gems/beaker-2.51.0/lib/beaker/test_case.rb:133:in `block in run_test'\n/Users/eric.putnam/.rbenv/versions/2.3.1/lib/ruby/2.3.0/benchmark.rb:308:in `realtime'\n/Users/eric.putnam/.rbenv/versions/2.3.1/lib/ruby/gems/2.3.0/gems/beaker-2.51.0/lib/beaker/test_case.rb:130:in `run_test'\n/Users/eric.putnam/.rbenv/versions/2.3.1/lib/ruby/gems/2.3.0/gems/beaker-2.51.0/lib/beaker/test_suite.rb:325:in `block in run'\n/Users/eric.putnam/.rbenv/versions/2.3.1/lib/ruby/gems/2.3.0/gems/beaker-2.51.0/lib/beaker/test_suite.rb:322:in `each'\n/Users/eric.putnam/.rbenv/versions/2.3.1/lib/ruby/gems/2.3.0/gems/beaker-2.51.0/lib/beaker/test_suite.rb:322:in `run'\n/Users/eric.putnam/.rbenv/versions/2.3.1/lib/ruby/gems/2.3.0/gems/beaker-2.51.0/lib/beaker/test_suite.rb:371:in `run_and_raise_on_failure'\n/Users/eric.putnam/.rbenv/versions/2.3.1/lib/ruby/gems/2.3.0/gems/beaker-2.51.0/lib/beaker/cli.rb:174:in `run_suite'\n/Users/eric.putnam/.rbenv/versions/2.3.1/lib/ruby/gems/2.3.0/gems/beaker-2.51.0/lib/beaker/cli.rb:100:in `execute!'\n/Users/eric.putnam/.rbenv/versions/2.3.1/lib/ruby/gems/2.3.0/gems/beaker-2.51.0/bin/beaker:6:in `<top (required)>'\n/Users/eric.putnam/.rbenv/versions/2.3.1/bin/beaker:23:in `load'\n/Users/eric.putnam/.rbenv/versions/2.3.1/bin/beaker:23:in `<main>']]></failure>
      <system-out><![CDATA[LoadError: cannot load such file -- spec_helper_acceptance
/Users/eric.putnam/.rbenv/versions/2.3.1/lib/ruby/2.3.0/rubygems/core_ext/kernel_require.rb:55
/Users/eric.putnam/.rbenv/versions/2.3.1/lib/ruby/2.3.0/rubygems/core_ext/kernel_require.rb:55
/Users/eric.putnam/code/puppetlabs-stdlib/spec/acceptance/values_at_spec.rb:2
/Users/eric.putnam/.rbenv/versions/2.3.1/lib/ruby/gems/2.3.0/gems/beaker-2.51.0/lib/beaker/test_case.rb:133
/Users/eric.putnam/.rbenv/versions/2.3.1/lib/ruby/gems/2.3.0/gems/beaker-2.51.0/lib/beaker/test_case.rb:133
/Users/eric.putnam/.rbenv/versions/2.3.1/lib/ruby/2.3.0/benchmark.rb:308
/Users/eric.putnam/.rbenv/versions/2.3.1/lib/ruby/gems/2.3.0/gems/beaker-2.51.0/lib/beaker/test_case.rb:130
/Users/eric.putnam/.rbenv/versions/2.3.1/lib/ruby/gems/2.3.0/gems/beaker-2.51.0/lib/beaker/test_suite.rb:325
/Users/eric.putnam/.rbenv/versions/2.3.1/lib/ruby/gems/2.3.0/gems/beaker-2.51.0/lib/beaker/test_suite.rb:322
/Users/eric.putnam/.rbenv/versions/2.3.1/lib/ruby/gems/2.3.0/gems/beaker-2.51.0/lib/beaker/test_suite.rb:322
/Users/eric.putnam/.rbenv/versions/2.3.1/lib/ruby/gems/2.3.0/gems/beaker-2.51.0/lib/beaker/test_suite.rb:371
/Users/eric.putnam/.rbenv/versions/2.3.1/lib/ruby/gems/2.3.0/gems/beaker-2.51.0/lib/beaker/cli.rb:174
/Users/eric.putnam/.rbenv/versions/2.3.1/lib/ruby/gems/2.3.0/gems/beaker-2.51.0/lib/beaker/cli.rb:100
/Users/eric.putnam/.rbenv/versions/2.3.1/lib/ruby/gems/2.3.0/gems/beaker-2.51.0/bin/beaker:6
/Users/eric.putnam/.rbenv/versions/2.3.1/bin/beaker:23
/Users/eric.putnam/.rbenv/versions/2.3.1/bin/beaker:23
Begin teardown
End teardown
]]></system-out>
    </testcase>
    <testcase classname="acceptance" name="values_spec.rb" time="0.002601">
      <failure type="error" message="cannot load such file -- spec_helper_acceptance"><![CDATA[/Users/eric.putnam/.rbenv/versions/2.3.1/lib/ruby/2.3.0/rubygems/core_ext/kernel_require.rb:55:in `require'\n/Users/eric.putnam/.rbenv/versions/2.3.1/lib/ruby/2.3.0/rubygems/core_ext/kernel_require.rb:55:in `require'\nacceptance/values_spec.rb:2:in `block in run_test'\n/Users/eric.putnam/.rbenv/versions/2.3.1/lib/ruby/gems/2.3.0/gems/beaker-2.51.0/lib/beaker/test_case.rb:133:in `eval'\n/Users/eric.putnam/.rbenv/versions/2.3.1/lib/ruby/gems/2.3.0/gems/beaker-2.51.0/lib/beaker/test_case.rb:133:in `block in run_test'\n/Users/eric.putnam/.rbenv/versions/2.3.1/lib/ruby/2.3.0/benchmark.rb:308:in `realtime'\n/Users/eric.putnam/.rbenv/versions/2.3.1/lib/ruby/gems/2.3.0/gems/beaker-2.51.0/lib/beaker/test_case.rb:130:in `run_test'\n/Users/eric.putnam/.rbenv/versions/2.3.1/lib/ruby/gems/2.3.0/gems/beaker-2.51.0/lib/beaker/test_suite.rb:325:in `block in run'\n/Users/eric.putnam/.rbenv/versions/2.3.1/lib/ruby/gems/2.3.0/gems/beaker-2.51.0/lib/beaker/test_suite.rb:322:in `each'\n/Users/eric.putnam/.rbenv/versions/2.3.1/lib/ruby/gems/2.3.0/gems/beaker-2.51.0/lib/beaker/test_suite.rb:322:in `run'\n/Users/eric.putnam/.rbenv/versions/2.3.1/lib/ruby/gems/2.3.0/gems/beaker-2.51.0/lib/beaker/test_suite.rb:371:in `run_and_raise_on_failure'\n/Users/eric.putnam/.rbenv/versions/2.3.1/lib/ruby/gems/2.3.0/gems/beaker-2.51.0/lib/beaker/cli.rb:174:in `run_suite'\n/Users/eric.putnam/.rbenv/versions/2.3.1/lib/ruby/gems/2.3.0/gems/beaker-2.51.0/lib/beaker/cli.rb:100:in `execute!'\n/Users/eric.putnam/.rbenv/versions/2.3.1/lib/ruby/gems/2.3.0/gems/beaker-2.51.0/bin/beaker:6:in `<top (required)>'\n/Users/eric.putnam/.rbenv/versions/2.3.1/bin/beaker:23:in `load'\n/Users/eric.putnam/.rbenv/versions/2.3.1/bin/beaker:23:in `<main>']]></failure>
      <system-out><![CDATA[LoadError: cannot load such file -- spec_helper_acceptance
/Users/eric.putnam/.rbenv/versions/2.3.1/lib/ruby/2.3.0/rubygems/core_ext/kernel_require.rb:55
/Users/eric.putnam/.rbenv/versions/2.3.1/lib/ruby/2.3.0/rubygems/core_ext/kernel_require.rb:55
/Users/eric.putnam/code/puppetlabs-stdlib/spec/acceptance/values_spec.rb:2
/Users/eric.putnam/.rbenv/versions/2.3.1/lib/ruby/gems/2.3.0/gems/beaker-2.51.0/lib/beaker/test_case.rb:133
/Users/eric.putnam/.rbenv/versions/2.3.1/lib/ruby/gems/2.3.0/gems/beaker-2.51.0/lib/beaker/test_case.rb:133
/Users/eric.putnam/.rbenv/versions/2.3.1/lib/ruby/2.3.0/benchmark.rb:308
/Users/eric.putnam/.rbenv/versions/2.3.1/lib/ruby/gems/2.3.0/gems/beaker-2.51.0/lib/beaker/test_case.rb:130
/Users/eric.putnam/.rbenv/versions/2.3.1/lib/ruby/gems/2.3.0/gems/beaker-2.51.0/lib/beaker/test_suite.rb:325
/Users/eric.putnam/.rbenv/versions/2.3.1/lib/ruby/gems/2.3.0/gems/beaker-2.51.0/lib/beaker/test_suite.rb:322
/Users/eric.putnam/.rbenv/versions/2.3.1/lib/ruby/gems/2.3.0/gems/beaker-2.51.0/lib/beaker/test_suite.rb:322
/Users/eric.putnam/.rbenv/versions/2.3.1/lib/ruby/gems/2.3.0/gems/beaker-2.51.0/lib/beaker/test_suite.rb:371
/Users/eric.putnam/.rbenv/versions/2.3.1/lib/ruby/gems/2.3.0/gems/beaker-2.51.0/lib/beaker/cli.rb:174
/Users/eric.putnam/.rbenv/versions/2.3.1/lib/ruby/gems/2.3.0/gems/beaker-2.51.0/lib/beaker/cli.rb:100
/Users/eric.putnam/.rbenv/versions/2.3.1/lib/ruby/gems/2.3.0/gems/beaker-2.51.0/bin/beaker:6
/Users/eric.putnam/.rbenv/versions/2.3.1/bin/beaker:23
/Users/eric.putnam/.rbenv/versions/2.3.1/bin/beaker:23
Begin teardown
End teardown
]]></system-out>
    </testcase>
    <testcase classname="acceptance" name="zip_spec.rb" time="0.002775">
      <failure type="error" message="cannot load such file -- spec_helper_acceptance"><![CDATA[/Users/eric.putnam/.rbenv/versions/2.3.1/lib/ruby/2.3.0/rubygems/core_ext/kernel_require.rb:55:in `require'\n/Users/eric.putnam/.rbenv/versions/2.3.1/lib/ruby/2.3.0/rubygems/core_ext/kernel_require.rb:55:in `require'\nacceptance/zip_spec.rb:2:in `block in run_test'\n/Users/eric.putnam/.rbenv/versions/2.3.1/lib/ruby/gems/2.3.0/gems/beaker-2.51.0/lib/beaker/test_case.rb:133:in `eval'\n/Users/eric.putnam/.rbenv/versions/2.3.1/lib/ruby/gems/2.3.0/gems/beaker-2.51.0/lib/beaker/test_case.rb:133:in `block in run_test'\n/Users/eric.putnam/.rbenv/versions/2.3.1/lib/ruby/2.3.0/benchmark.rb:308:in `realtime'\n/Users/eric.putnam/.rbenv/versions/2.3.1/lib/ruby/gems/2.3.0/gems/beaker-2.51.0/lib/beaker/test_case.rb:130:in `run_test'\n/Users/eric.putnam/.rbenv/versions/2.3.1/lib/ruby/gems/2.3.0/gems/beaker-2.51.0/lib/beaker/test_suite.rb:325:in `block in run'\n/Users/eric.putnam/.rbenv/versions/2.3.1/lib/ruby/gems/2.3.0/gems/beaker-2.51.0/lib/beaker/test_suite.rb:322:in `each'\n/Users/eric.putnam/.rbenv/versions/2.3.1/lib/ruby/gems/2.3.0/gems/beaker-2.51.0/lib/beaker/test_suite.rb:322:in `run'\n/Users/eric.putnam/.rbenv/versions/2.3.1/lib/ruby/gems/2.3.0/gems/beaker-2.51.0/lib/beaker/test_suite.rb:371:in `run_and_raise_on_failure'\n/Users/eric.putnam/.rbenv/versions/2.3.1/lib/ruby/gems/2.3.0/gems/beaker-2.51.0/lib/beaker/cli.rb:174:in `run_suite'\n/Users/eric.putnam/.rbenv/versions/2.3.1/lib/ruby/gems/2.3.0/gems/beaker-2.51.0/lib/beaker/cli.rb:100:in `execute!'\n/Users/eric.putnam/.rbenv/versions/2.3.1/lib/ruby/gems/2.3.0/gems/beaker-2.51.0/bin/beaker:6:in `<top (required)>'\n/Users/eric.putnam/.rbenv/versions/2.3.1/bin/beaker:23:in `load'\n/Users/eric.putnam/.rbenv/versions/2.3.1/bin/beaker:23:in `<main>']]></failure>
      <system-out><![CDATA[LoadError: cannot load such file -- spec_helper_acceptance
/Users/eric.putnam/.rbenv/versions/2.3.1/lib/ruby/2.3.0/rubygems/core_ext/kernel_require.rb:55
/Users/eric.putnam/.rbenv/versions/2.3.1/lib/ruby/2.3.0/rubygems/core_ext/kernel_require.rb:55
/Users/eric.putnam/code/puppetlabs-stdlib/spec/acceptance/zip_spec.rb:2
/Users/eric.putnam/.rbenv/versions/2.3.1/lib/ruby/gems/2.3.0/gems/beaker-2.51.0/lib/beaker/test_case.rb:133
/Users/eric.putnam/.rbenv/versions/2.3.1/lib/ruby/gems/2.3.0/gems/beaker-2.51.0/lib/beaker/test_case.rb:133
/Users/eric.putnam/.rbenv/versions/2.3.1/lib/ruby/2.3.0/benchmark.rb:308
/Users/eric.putnam/.rbenv/versions/2.3.1/lib/ruby/gems/2.3.0/gems/beaker-2.51.0/lib/beaker/test_case.rb:130
/Users/eric.putnam/.rbenv/versions/2.3.1/lib/ruby/gems/2.3.0/gems/beaker-2.51.0/lib/beaker/test_suite.rb:325
/Users/eric.putnam/.rbenv/versions/2.3.1/lib/ruby/gems/2.3.0/gems/beaker-2.51.0/lib/beaker/test_suite.rb:322
/Users/eric.putnam/.rbenv/versions/2.3.1/lib/ruby/gems/2.3.0/gems/beaker-2.51.0/lib/beaker/test_suite.rb:322
/Users/eric.putnam/.rbenv/versions/2.3.1/lib/ruby/gems/2.3.0/gems/beaker-2.51.0/lib/beaker/test_suite.rb:371
/Users/eric.putnam/.rbenv/versions/2.3.1/lib/ruby/gems/2.3.0/gems/beaker-2.51.0/lib/beaker/cli.rb:174
/Users/eric.putnam/.rbenv/versions/2.3.1/lib/ruby/gems/2.3.0/gems/beaker-2.51.0/lib/beaker/cli.rb:100
/Users/eric.putnam/.rbenv/versions/2.3.1/lib/ruby/gems/2.3.0/gems/beaker-2.51.0/bin/beaker:6
/Users/eric.putnam/.rbenv/versions/2.3.1/bin/beaker:23
/Users/eric.putnam/.rbenv/versions/2.3.1/bin/beaker:23
Begin teardown
End teardown
]]></system-out>
    </testcase>
  </testsuite>
</testsuites>
